[ 2018-06-18T10:28:45+08:00 ] 127.0.0.1 /
INFO: [ app_init ] --START--
INFO: Run Behavior\BuildLiteBehavior [ RunTime:0.000000s ]
INFO: [ app_init ] --END-- [ RunTime:0.001000s ]
INFO: [ app_begin ] --START--
INFO: Run Behavior\ReadHtmlCacheBehavior [ RunTime:0.003000s ]
INFO: [ app_begin ] --END-- [ RunTime:0.004000s ]
SQL: SHOW COLUMNS FROM `think_column` [ RunTime:0.0030s ]
SQL: SELECT * FROM `think_column`  [ RunTime:0.0010s ]
NOTIC: [8] Undefined variable: goods_column_list D:\wamp\apps\zhonglai\Application\Home\Common\CommonController.class.php 第 23 行.
NOTIC: [2] Invalid argument supplied for foreach() D:\wamp\apps\zhonglai\Application\Home\Common\CommonController.class.php 第 23 行.
NOTIC: [8] Undefined variable: goods_column_list D:\wamp\apps\zhonglai\Application\Home\Common\CommonController.class.php 第 33 行.
NOTIC: [8] Undefined variable: project_column_list D:\wamp\apps\zhonglai\Application\Home\Common\CommonController.class.php 第 35 行.
SQL: SHOW COLUMNS FROM `think_config` [ RunTime:0.0020s ]
SQL: SHOW COLUMNS FROM `think_article` [ RunTime:0.0030s ]
SQL: SHOW COLUMNS FROM `think_obtain_links` [ RunTime:0.0020s ]
SQL: SHOW COLUMNS FROM `think_education_links` [ RunTime:0.0030s ]
SQL: SELECT * FROM `think_config` WHERE ( id=1 ) LIMIT 1   [ RunTime:0.0000s ]
SQL: SELECT * FROM `think_article` WHERE ( column_id=23 ) LIMIT 1   [ RunTime:0.0010s ]
SQL: SELECT * FROM `think_article` WHERE ( column_id=11 ) ORDER BY id DESC LIMIT 12   [ RunTime:0.0010s ]
SQL: SELECT * FROM `think_column` WHERE `id` IN ('14','15','16','21','22')  [ RunTime:0.0010s ]
SQL: SELECT * FROM `think_article` WHERE ( column_id=14 ) ORDER BY id DESC LIMIT 5   [ RunTime:0.0000s ]
SQL: SELECT * FROM `think_article` WHERE ( column_id=15 ) ORDER BY id DESC LIMIT 6   [ RunTime:0.0010s ]
SQL: SELECT * FROM `think_article` WHERE ( column_id=16 ) ORDER BY id DESC LIMIT 5   [ RunTime:0.0020s ]
SQL: SELECT * FROM `think_article` WHERE ( column_id=17 ) ORDER BY id DESC LIMIT 20   [ RunTime:0.0010s ]
SQL: SELECT * FROM `think_obtain_links` ORDER BY id DESC LIMIT 10   [ RunTime:0.0010s ]
SQL: SELECT * FROM `think_education_links` ORDER BY id DESC LIMIT 5   [ RunTime:0.0010s ]
SQL: SELECT * FROM `think_article` WHERE ( column_id=21 ) ORDER BY id DESC LIMIT 6   [ RunTime:0.0010s ]
SQL: SELECT * FROM `think_article` WHERE ( column_id=22 ) ORDER BY id DESC LIMIT 5   [ RunTime:0.0010s ]
SQL: SHOW COLUMNS FROM `think_slide` [ RunTime:0.0040s ]
SQL: SELECT * FROM `think_slide`  [ RunTime:0.0010s ]
INFO: [ view_parse ] --START--
INFO: [ template_filter ] --START--
INFO: Run Behavior\ContentReplaceBehavior [ RunTime:0.000000s ]
INFO: [ template_filter ] --END-- [ RunTime:0.001000s ]
NOTIC: [8] Undefined index: disabled D:\wamp\apps\zhonglai\Application\Runtime\Cache\Home\42959a5c67fab626f3bddfa24638de6b.php 第 83 行.
NOTIC: [8] Undefined index: disabled D:\wamp\apps\zhonglai\Application\Runtime\Cache\Home\42959a5c67fab626f3bddfa24638de6b.php 第 83 行.
NOTIC: [8] Undefined index: disabled D:\wamp\apps\zhonglai\Application\Runtime\Cache\Home\42959a5c67fab626f3bddfa24638de6b.php 第 83 行.
NOTIC: [8] Undefined index: disabled D:\wamp\apps\zhonglai\Application\Runtime\Cache\Home\42959a5c67fab626f3bddfa24638de6b.php 第 83 行.
NOTIC: [8] Undefined index: disabled D:\wamp\apps\zhonglai\Application\Runtime\Cache\Home\42959a5c67fab626f3bddfa24638de6b.php 第 83 行.
NOTIC: [8] Undefined index: disabled D:\wamp\apps\zhonglai\Application\Runtime\Cache\Home\42959a5c67fab626f3bddfa24638de6b.php 第 83 行.
NOTIC: [8] Undefined index: disabled D:\wamp\apps\zhonglai\Application\Runtime\Cache\Home\42959a5c67fab626f3bddfa24638de6b.php 第 83 行.
NOTIC: [8] Undefined index: disabled D:\wamp\apps\zhonglai\Application\Runtime\Cache\Home\42959a5c67fab626f3bddfa24638de6b.php 第 83 行.
NOTIC: [8] Undefined index: disabled D:\wamp\apps\zhonglai\Application\Runtime\Cache\Home\42959a5c67fab626f3bddfa24638de6b.php 第 83 行.
NOTIC: [8] Undefined index: disabled D:\wamp\apps\zhonglai\Application\Runtime\Cache\Home\42959a5c67fab626f3bddfa24638de6b.php 第 83 行.
NOTIC: [8] Undefined index: disabled D:\wamp\apps\zhonglai\Application\Runtime\Cache\Home\42959a5c67fab626f3bddfa24638de6b.php 第 83 行.
NOTIC: [8] Undefined offset: 3 D:\wamp\apps\zhonglai\Application\Runtime\Cache\Home\42959a5c67fab626f3bddfa24638de6b.php 第 172 行.
NOTIC: [8] Undefined offset: 4 D:\wamp\apps\zhonglai\Application\Runtime\Cache\Home\42959a5c67fab626f3bddfa24638de6b.php 第 245 行.
INFO: Run Behavior\ParseTemplateBehavior [ RunTime:0.113007s ]
INFO: [ view_parse ] --END-- [ RunTime:0.114007s ]
INFO: [ view_filter ] --START--
INFO: Run Behavior\WriteHtmlCacheBehavior [ RunTime:0.002000s ]
INFO: [ view_filter ] --END-- [ RunTime:0.002000s ]
INFO: [ app_end ] --START--
INFO: Run Behavior\ShowPageTraceBehavior [ RunTime:0.001000s ]
INFO: [ app_end ] --END-- [ RunTime:0.002000s ]

[ 2018-06-18T11:33:23+08:00 ] 127.0.0.1 /
INFO: [ app_init ] --START--
INFO: Run Behavior\BuildLiteBehavior [ RunTime:0.000000s ]
INFO: [ app_init ] --END-- [ RunTime:0.002000s ]
INFO: [ app_begin ] --START--
INFO: Run Behavior\ReadHtmlCacheBehavior [ RunTime:0.002000s ]
INFO: [ app_begin ] --END-- [ RunTime:0.002000s ]
SQL: SHOW COLUMNS FROM `think_column` [ RunTime:0.0010s ]
SQL: SELECT * FROM `think_column`  [ RunTime:0.0010s ]
NOTIC: [8] Undefined variable: goods_column_list D:\wamp\apps\zhonglai\Application\Home\Common\CommonController.class.php 第 23 行.
NOTIC: [2] Invalid argument supplied for foreach() D:\wamp\apps\zhonglai\Application\Home\Common\CommonController.class.php 第 23 行.
NOTIC: [8] Undefined variable: goods_column_list D:\wamp\apps\zhonglai\Application\Home\Common\CommonController.class.php 第 33 行.
NOTIC: [8] Undefined variable: project_column_list D:\wamp\apps\zhonglai\Application\Home\Common\CommonController.class.php 第 35 行.
SQL: SHOW COLUMNS FROM `think_config` [ RunTime:0.0050s ]
SQL: SHOW COLUMNS FROM `think_article` [ RunTime:0.0030s ]
SQL: SHOW COLUMNS FROM `think_obtain_links` [ RunTime:0.0040s ]
SQL: SHOW COLUMNS FROM `think_education_links` [ RunTime:0.0050s ]
SQL: SELECT * FROM `think_config` WHERE ( id=1 ) LIMIT 1   [ RunTime:0.0010s ]
SQL: SELECT * FROM `think_article` WHERE ( column_id=23 ) LIMIT 1   [ RunTime:0.0010s ]
SQL: SELECT * FROM `think_article` WHERE ( column_id=11 ) ORDER BY id DESC LIMIT 12   [ RunTime:0.0010s ]
SQL: SELECT * FROM `think_column` WHERE `id` IN ('14','15','16','21','22')  [ RunTime:0.0010s ]
SQL: SELECT * FROM `think_article` WHERE ( column_id=14 ) ORDER BY id DESC LIMIT 5   [ RunTime:0.0000s ]
SQL: SELECT * FROM `think_article` WHERE ( column_id=15 ) ORDER BY id DESC LIMIT 6   [ RunTime:0.0010s ]
SQL: SELECT * FROM `think_article` WHERE ( column_id=16 ) ORDER BY id DESC LIMIT 5   [ RunTime:0.0000s ]
SQL: SELECT * FROM `think_article` WHERE ( column_id=17 ) ORDER BY id DESC LIMIT 20   [ RunTime:0.0010s ]
SQL: SELECT * FROM `think_obtain_links` ORDER BY id DESC LIMIT 10   [ RunTime:0.0010s ]
SQL: SELECT * FROM `think_education_links` ORDER BY id DESC LIMIT 5   [ RunTime:0.0010s ]
SQL: SELECT * FROM `think_article` WHERE ( column_id=21 ) ORDER BY id DESC LIMIT 6   [ RunTime:0.0000s ]
SQL: SELECT * FROM `think_article` WHERE ( column_id=22 ) ORDER BY id DESC LIMIT 5   [ RunTime:0.0010s ]
SQL: SHOW COLUMNS FROM `think_slide` [ RunTime:0.0030s ]
SQL: SELECT * FROM `think_slide`  [ RunTime:0.0000s ]
INFO: [ view_parse ] --START--
INFO: [ template_filter ] --START--
INFO: Run Behavior\ContentReplaceBehavior [ RunTime:0.000000s ]
INFO: [ template_filter ] --END-- [ RunTime:0.000000s ]
INFO: Run Behavior\ParseTemplateBehavior [ RunTime:0.026001s ]
INFO: [ view_parse ] --END-- [ RunTime:0.028001s ]
INFO: [ view_filter ] --START--
INFO: Run Behavior\WriteHtmlCacheBehavior [ RunTime:0.001000s ]
INFO: [ view_filter ] --END-- [ RunTime:0.001000s ]
INFO: [ app_end ] --START--
INFO: Run Behavior\ShowPageTraceBehavior [ RunTime:0.002000s ]
INFO: [ app_end ] --END-- [ RunTime:0.002000s ]

[ 2018-06-18T11:35:30+08:00 ] 127.0.0.1 /
INFO: [ app_init ] --START--
INFO: Run Behavior\BuildLiteBehavior [ RunTime:0.000000s ]
INFO: [ app_init ] --END-- [ RunTime:0.001001s ]
INFO: [ app_begin ] --START--
INFO: Run Behavior\ReadHtmlCacheBehavior [ RunTime:0.002000s ]
INFO: [ app_begin ] --END-- [ RunTime:0.002000s ]
SQL: SHOW COLUMNS FROM `think_column` [ RunTime:0.0010s ]
SQL: SELECT * FROM `think_column`  [ RunTime:0.0010s ]
NOTIC: [8] Undefined variable: goods_column_list D:\wamp\apps\zhonglai\Application\Home\Common\CommonController.class.php 第 23 行.
NOTIC: [2] Invalid argument supplied for foreach() D:\wamp\apps\zhonglai\Application\Home\Common\CommonController.class.php 第 23 行.
NOTIC: [8] Undefined variable: goods_column_list D:\wamp\apps\zhonglai\Application\Home\Common\CommonController.class.php 第 33 行.
NOTIC: [8] Undefined variable: project_column_list D:\wamp\apps\zhonglai\Application\Home\Common\CommonController.class.php 第 35 行.
SQL: SHOW COLUMNS FROM `think_config` [ RunTime:0.0030s ]
SQL: SHOW COLUMNS FROM `think_article` [ RunTime:0.0030s ]
SQL: SHOW COLUMNS FROM `think_obtain_links` [ RunTime:0.0020s ]
SQL: SHOW COLUMNS FROM `think_education_links` [ RunTime:0.0030s ]
SQL: SELECT * FROM `think_config` WHERE ( id=1 ) LIMIT 1   [ RunTime:0.0010s ]
SQL: SELECT * FROM `think_article` WHERE ( column_id=23 ) LIMIT 1   [ RunTime:0.0010s ]
SQL: SELECT * FROM `think_article` WHERE ( column_id=11 ) ORDER BY id DESC LIMIT 12   [ RunTime:0.0010s ]
SQL: SELECT * FROM `think_column` WHERE `id` IN ('14','15','16','21','22')  [ RunTime:0.0010s ]
SQL: SELECT * FROM `think_article` WHERE ( column_id=14 ) ORDER BY id DESC LIMIT 5   [ RunTime:0.0010s ]
SQL: SELECT * FROM `think_article` WHERE ( column_id=15 ) ORDER BY id DESC LIMIT 6   [ RunTime:0.0010s ]
SQL: SELECT * FROM `think_article` WHERE ( column_id=16 ) ORDER BY id DESC LIMIT 5   [ RunTime:0.0000s ]
SQL: SELECT * FROM `think_article` WHERE ( column_id=17 ) ORDER BY id DESC LIMIT 20   [ RunTime:0.0010s ]
SQL: SELECT * FROM `think_obtain_links` ORDER BY id DESC LIMIT 10   [ RunTime:0.0010s ]
SQL: SELECT * FROM `think_education_links` ORDER BY id DESC LIMIT 5   [ RunTime:0.0000s ]
SQL: SELECT * FROM `think_article` WHERE ( column_id=21 ) ORDER BY id DESC LIMIT 6   [ RunTime:0.0010s ]
SQL: SELECT * FROM `think_article` WHERE ( column_id=22 ) ORDER BY id DESC LIMIT 5   [ RunTime:0.0010s ]
SQL: SHOW COLUMNS FROM `think_slide` [ RunTime:0.0010s ]
SQL: SELECT * FROM `think_slide`  [ RunTime:0.0010s ]
INFO: [ view_parse ] --START--
INFO: [ template_filter ] --START--
INFO: Run Behavior\ContentReplaceBehavior [ RunTime:0.000000s ]
INFO: [ template_filter ] --END-- [ RunTime:0.000000s ]
INFO: Run Behavior\ParseTemplateBehavior [ RunTime:0.020002s ]
INFO: [ view_parse ] --END-- [ RunTime:0.020002s ]
INFO: [ view_filter ] --START--
INFO: Run Behavior\WriteHtmlCacheBehavior [ RunTime:0.001000s ]
INFO: [ view_filter ] --END-- [ RunTime:0.001000s ]
INFO: [ app_end ] --START--
INFO: Run Behavior\ShowPageTraceBehavior [ RunTime:0.002000s ]
INFO: [ app_end ] --END-- [ RunTime:0.003000s ]

[ 2018-06-18T11:36:03+08:00 ] 127.0.0.1 /
INFO: [ app_init ] --START--
INFO: Run Behavior\BuildLiteBehavior [ RunTime:0.000000s ]
INFO: [ app_init ] --END-- [ RunTime:0.001000s ]
INFO: [ app_begin ] --START--
INFO: Run Behavior\ReadHtmlCacheBehavior [ RunTime:0.001000s ]
INFO: [ app_begin ] --END-- [ RunTime:0.001000s ]
SQL: SHOW COLUMNS FROM `think_column` [ RunTime:0.0010s ]
SQL: SELECT * FROM `think_column`  [ RunTime:0.0000s ]
NOTIC: [8] Undefined variable: goods_column_list D:\wamp\apps\zhonglai\Application\Home\Common\CommonController.class.php 第 23 行.
NOTIC: [2] Invalid argument supplied for foreach() D:\wamp\apps\zhonglai\Application\Home\Common\CommonController.class.php 第 23 行.
NOTIC: [8] Undefined variable: goods_column_list D:\wamp\apps\zhonglai\Application\Home\Common\CommonController.class.php 第 33 行.
NOTIC: [8] Undefined variable: project_column_list D:\wamp\apps\zhonglai\Application\Home\Common\CommonController.class.php 第 35 行.
SQL: SHOW COLUMNS FROM `think_config` [ RunTime:0.0040s ]
SQL: SHOW COLUMNS FROM `think_article` [ RunTime:0.0030s ]
SQL: SHOW COLUMNS FROM `think_obtain_links` [ RunTime:0.0040s ]
SQL: SHOW COLUMNS FROM `think_education_links` [ RunTime:0.0030s ]
SQL: SELECT * FROM `think_config` WHERE ( id=1 ) LIMIT 1   [ RunTime:0.0000s ]
SQL: SELECT * FROM `think_article` WHERE ( column_id=23 ) LIMIT 1   [ RunTime:0.0000s ]
SQL: SELECT * FROM `think_article` WHERE ( column_id=11 ) ORDER BY id DESC LIMIT 12   [ RunTime:0.0010s ]
SQL: SELECT * FROM `think_column` WHERE `id` IN ('14','15','16','21','22')  [ RunTime:0.0000s ]
SQL: SELECT * FROM `think_article` WHERE ( column_id=14 ) ORDER BY id DESC LIMIT 5   [ RunTime:0.0010s ]
SQL: SELECT * FROM `think_article` WHERE ( column_id=15 ) ORDER BY id DESC LIMIT 6   [ RunTime:0.0010s ]
SQL: SELECT * FROM `think_article` WHERE ( column_id=16 ) ORDER BY id DESC LIMIT 5   [ RunTime:0.0010s ]
SQL: SELECT * FROM `think_article` WHERE ( column_id=17 ) ORDER BY id DESC LIMIT 20   [ RunTime:0.0010s ]
SQL: SELECT * FROM `think_obtain_links` ORDER BY id DESC LIMIT 10   [ RunTime:0.0000s ]
SQL: SELECT * FROM `think_education_links` ORDER BY id DESC LIMIT 5   [ RunTime:0.0000s ]
SQL: SELECT * FROM `think_article` WHERE ( column_id=21 ) ORDER BY id DESC LIMIT 6   [ RunTime:0.0010s ]
SQL: SELECT * FROM `think_article` WHERE ( column_id=22 ) ORDER BY id DESC LIMIT 5   [ RunTime:0.0010s ]
SQL: SHOW COLUMNS FROM `think_slide` [ RunTime:0.0010s ]
SQL: SELECT * FROM `think_slide`  [ RunTime:0.0000s ]
INFO: [ view_parse ] --START--
INFO: [ template_filter ] --START--
INFO: Run Behavior\ContentReplaceBehavior [ RunTime:0.001001s ]
INFO: [ template_filter ] --END-- [ RunTime:0.001001s ]
INFO: Run Behavior\ParseTemplateBehavior [ RunTime:0.021001s ]
INFO: [ view_parse ] --END-- [ RunTime:0.021001s ]
INFO: [ view_filter ] --START--
INFO: Run Behavior\WriteHtmlCacheBehavior [ RunTime:0.001000s ]
INFO: [ view_filter ] --END-- [ RunTime:0.001000s ]
INFO: [ app_end ] --START--
INFO: Run Behavior\ShowPageTraceBehavior [ RunTime:0.002000s ]
INFO: [ app_end ] --END-- [ RunTime:0.002000s ]

[ 2018-06-18T11:36:41+08:00 ] 127.0.0.1 /
INFO: [ app_init ] --START--
INFO: Run Behavior\BuildLiteBehavior [ RunTime:0.000000s ]
INFO: [ app_init ] --END-- [ RunTime:0.002000s ]
INFO: [ app_begin ] --START--
INFO: Run Behavior\ReadHtmlCacheBehavior [ RunTime:0.002000s ]
INFO: [ app_begin ] --END-- [ RunTime:0.002000s ]
SQL: SHOW COLUMNS FROM `think_column` [ RunTime:0.0020s ]
SQL: SELECT * FROM `think_column`  [ RunTime:0.0010s ]
NOTIC: [8] Undefined variable: goods_column_list D:\wamp\apps\zhonglai\Application\Home\Common\CommonController.class.php 第 23 行.
NOTIC: [2] Invalid argument supplied for foreach() D:\wamp\apps\zhonglai\Application\Home\Common\CommonController.class.php 第 23 行.
NOTIC: [8] Undefined variable: goods_column_list D:\wamp\apps\zhonglai\Application\Home\Common\CommonController.class.php 第 33 行.
NOTIC: [8] Undefined variable: project_column_list D:\wamp\apps\zhonglai\Application\Home\Common\CommonController.class.php 第 35 行.
SQL: SHOW COLUMNS FROM `think_config` [ RunTime:0.0050s ]
SQL: SHOW COLUMNS FROM `think_article` [ RunTime:0.0050s ]
SQL: SHOW COLUMNS FROM `think_obtain_links` [ RunTime:0.0050s ]
SQL: SHOW COLUMNS FROM `think_education_links` [ RunTime:0.0050s ]
SQL: SELECT * FROM `think_config` WHERE ( id=1 ) LIMIT 1   [ RunTime:0.0010s ]
SQL: SELECT * FROM `think_article` WHERE ( column_id=23 ) LIMIT 1   [ RunTime:0.0010s ]
SQL: SELECT * FROM `think_article` WHERE ( column_id=11 ) ORDER BY id DESC LIMIT 12   [ RunTime:0.0020s ]
SQL: SELECT * FROM `think_column` WHERE `id` IN ('14','15','16','21','22')  [ RunTime:0.0010s ]
SQL: SELECT * FROM `think_article` WHERE ( column_id=14 ) ORDER BY id DESC LIMIT 5   [ RunTime:0.0010s ]
SQL: SELECT * FROM `think_article` WHERE ( column_id=15 ) ORDER BY id DESC LIMIT 6   [ RunTime:0.0020s ]
SQL: SELECT * FROM `think_article` WHERE ( column_id=16 ) ORDER BY id DESC LIMIT 5   [ RunTime:0.0010s ]
SQL: SELECT * FROM `think_article` WHERE ( column_id=17 ) ORDER BY id DESC LIMIT 20   [ RunTime:0.0010s ]
SQL: SELECT * FROM `think_obtain_links` ORDER BY id DESC LIMIT 10   [ RunTime:0.0020s ]
SQL: SELECT * FROM `think_education_links` ORDER BY id DESC LIMIT 5   [ RunTime:0.0010s ]
SQL: SELECT * FROM `think_article` WHERE ( column_id=21 ) ORDER BY id DESC LIMIT 6   [ RunTime:0.0010s ]
SQL: SELECT * FROM `think_article` WHERE ( column_id=22 ) ORDER BY id DESC LIMIT 5   [ RunTime:0.0010s ]
SQL: SHOW COLUMNS FROM `think_slide` [ RunTime:0.0020s ]
SQL: SELECT * FROM `think_slide`  [ RunTime:0.0010s ]
INFO: [ view_parse ] --START--
INFO: [ template_filter ] --START--
INFO: Run Behavior\ContentReplaceBehavior [ RunTime:0.000000s ]
INFO: [ template_filter ] --END-- [ RunTime:0.001000s ]
INFO: Run Behavior\ParseTemplateBehavior [ RunTime:0.029002s ]
INFO: [ view_parse ] --END-- [ RunTime:0.030002s ]
INFO: [ view_filter ] --START--
INFO: Run Behavior\WriteHtmlCacheBehavior [ RunTime:0.001000s ]
INFO: [ view_filter ] --END-- [ RunTime:0.002000s ]
INFO: [ app_end ] --START--
INFO: Run Behavior\ShowPageTraceBehavior [ RunTime:0.002000s ]
INFO: [ app_end ] --END-- [ RunTime:0.002000s ]

[ 2018-06-18T11:44:41+08:00 ] 127.0.0.1 /
INFO: [ app_init ] --START--
INFO: Run Behavior\BuildLiteBehavior [ RunTime:0.000000s ]
INFO: [ app_init ] --END-- [ RunTime:0.001000s ]
INFO: [ app_begin ] --START--
INFO: Run Behavior\ReadHtmlCacheBehavior [ RunTime:0.002000s ]
INFO: [ app_begin ] --END-- [ RunTime:0.002000s ]
SQL: SHOW COLUMNS FROM `think_column` [ RunTime:0.0020s ]
SQL: SELECT * FROM `think_column`  [ RunTime:0.0010s ]
NOTIC: [8] Undefined variable: goods_column_list D:\wamp\apps\zhonglai\Application\Home\Common\CommonController.class.php 第 23 行.
NOTIC: [2] Invalid argument supplied for foreach() D:\wamp\apps\zhonglai\Application\Home\Common\CommonController.class.php 第 23 行.
NOTIC: [8] Undefined variable: goods_column_list D:\wamp\apps\zhonglai\Application\Home\Common\CommonController.class.php 第 33 行.
NOTIC: [8] Undefined variable: project_column_list D:\wamp\apps\zhonglai\Application\Home\Common\CommonController.class.php 第 35 行.
SQL: SHOW COLUMNS FROM `think_config` [ RunTime:0.0030s ]
SQL: SHOW COLUMNS FROM `think_article` [ RunTime:0.0030s ]
SQL: SHOW COLUMNS FROM `think_obtain_links` [ RunTime:0.0030s ]
SQL: SHOW COLUMNS FROM `think_education_links` [ RunTime:0.0030s ]
SQL: SELECT * FROM `think_config` WHERE ( id=1 ) LIMIT 1   [ RunTime:0.0010s ]
SQL: SELECT * FROM `think_article` WHERE ( column_id=23 ) LIMIT 1   [ RunTime:0.0000s ]
SQL: SELECT * FROM `think_article` WHERE ( column_id=11 ) ORDER BY id DESC LIMIT 12   [ RunTime:0.0010s ]
SQL: SELECT * FROM `think_column` WHERE `id` IN ('14','15','16','21','22')  [ RunTime:0.0000s ]
SQL: SELECT * FROM `think_article` WHERE ( column_id=14 ) ORDER BY id DESC LIMIT 5   [ RunTime:0.0010s ]
SQL: SELECT * FROM `think_article` WHERE ( column_id=15 ) ORDER BY id DESC LIMIT 6   [ RunTime:0.0010s ]
SQL: SELECT * FROM `think_article` WHERE ( column_id=16 ) ORDER BY id DESC LIMIT 5   [ RunTime:0.0000s ]
SQL: SELECT * FROM `think_article` WHERE ( column_id=17 ) ORDER BY id DESC LIMIT 20   [ RunTime:0.0010s ]
SQL: SELECT * FROM `think_obtain_links` ORDER BY id DESC LIMIT 10   [ RunTime:0.0000s ]
SQL: SELECT * FROM `think_education_links` ORDER BY id DESC LIMIT 5   [ RunTime:0.0000s ]
SQL: SELECT * FROM `think_article` WHERE ( column_id=21 ) ORDER BY id DESC LIMIT 6   [ RunTime:0.0010s ]
SQL: SELECT * FROM `think_article` WHERE ( column_id=22 ) ORDER BY id DESC LIMIT 5   [ RunTime:0.0010s ]
SQL: SHOW COLUMNS FROM `think_slide` [ RunTime:0.0010s ]
SQL: SELECT * FROM `think_slide`  [ RunTime:0.0010s ]
INFO: [ view_parse ] --START--
INFO: [ template_filter ] --START--
INFO: Run Behavior\ContentReplaceBehavior [ RunTime:0.000000s ]
INFO: [ template_filter ] --END-- [ RunTime:0.001001s ]
INFO: Run Behavior\ParseTemplateBehavior [ RunTime:0.020001s ]
INFO: [ view_parse ] --END-- [ RunTime:0.020001s ]
INFO: [ view_filter ] --START--
INFO: Run Behavior\WriteHtmlCacheBehavior [ RunTime:0.001000s ]
INFO: [ view_filter ] --END-- [ RunTime:0.001000s ]
INFO: [ app_end ] --START--
INFO: Run Behavior\ShowPageTraceBehavior [ RunTime:0.002000s ]
INFO: [ app_end ] --END-- [ RunTime:0.002000s ]

[ 2018-06-18T11:46:12+08:00 ] 127.0.0.1 /
INFO: [ app_init ] --START--
INFO: Run Behavior\BuildLiteBehavior [ RunTime:0.000000s ]
INFO: [ app_init ] --END-- [ RunTime:0.001000s ]
INFO: [ app_begin ] --START--
INFO: Run Behavior\ReadHtmlCacheBehavior [ RunTime:0.001000s ]
INFO: [ app_begin ] --END-- [ RunTime:0.001000s ]
SQL: SHOW COLUMNS FROM `think_column` [ RunTime:0.0010s ]
SQL: SELECT * FROM `think_column`  [ RunTime:0.0010s ]
NOTIC: [8] Undefined variable: goods_column_list D:\wamp\apps\zhonglai\Application\Home\Common\CommonController.class.php 第 23 行.
NOTIC: [2] Invalid argument supplied for foreach() D:\wamp\apps\zhonglai\Application\Home\Common\CommonController.class.php 第 23 行.
NOTIC: [8] Undefined variable: goods_column_list D:\wamp\apps\zhonglai\Application\Home\Common\CommonController.class.php 第 33 行.
NOTIC: [8] Undefined variable: project_column_list D:\wamp\apps\zhonglai\Application\Home\Common\CommonController.class.php 第 35 行.
SQL: SHOW COLUMNS FROM `think_config` [ RunTime:0.0030s ]
SQL: SHOW COLUMNS FROM `think_article` [ RunTime:0.0020s ]
SQL: SHOW COLUMNS FROM `think_obtain_links` [ RunTime:0.0020s ]
SQL: SHOW COLUMNS FROM `think_education_links` [ RunTime:0.0020s ]
SQL: SELECT * FROM `think_config` WHERE ( id=1 ) LIMIT 1   [ RunTime:0.0010s ]
SQL: SELECT * FROM `think_article` WHERE ( column_id=23 ) LIMIT 1   [ RunTime:0.0010s ]
SQL: SELECT * FROM `think_article` WHERE ( column_id=11 ) ORDER BY id DESC LIMIT 12   [ RunTime:0.0010s ]
SQL: SELECT * FROM `think_column` WHERE `id` IN ('14','15','16','21','22')  [ RunTime:0.0010s ]
SQL: SELECT * FROM `think_article` WHERE ( column_id=14 ) ORDER BY id DESC LIMIT 5   [ RunTime:0.0010s ]
SQL: SELECT * FROM `think_article` WHERE ( column_id=15 ) ORDER BY id DESC LIMIT 6   [ RunTime:0.0010s ]
SQL: SELECT * FROM `think_article` WHERE ( column_id=16 ) ORDER BY id DESC LIMIT 5   [ RunTime:0.0010s ]
SQL: SELECT * FROM `think_article` WHERE ( column_id=17 ) ORDER BY id DESC LIMIT 20   [ RunTime:0.0010s ]
SQL: SELECT * FROM `think_obtain_links` ORDER BY id DESC LIMIT 10   [ RunTime:0.0000s ]
SQL: SELECT * FROM `think_education_links` ORDER BY id DESC LIMIT 5   [ RunTime:0.0010s ]
SQL: SELECT * FROM `think_article` WHERE ( column_id=21 ) ORDER BY id DESC LIMIT 6   [ RunTime:0.0000s ]
SQL: SELECT * FROM `think_article` WHERE ( column_id=22 ) ORDER BY id DESC LIMIT 5   [ RunTime:0.0010s ]
SQL: SHOW COLUMNS FROM `think_slide` [ RunTime:0.0010s ]
SQL: SELECT * FROM `think_slide`  [ RunTime:0.0010s ]
INFO: [ view_parse ] --START--
INFO: [ template_filter ] --START--
INFO: Run Behavior\ContentReplaceBehavior [ RunTime:0.001000s ]
INFO: [ template_filter ] --END-- [ RunTime:0.001000s ]
INFO: Run Behavior\ParseTemplateBehavior [ RunTime:0.019001s ]
INFO: [ view_parse ] --END-- [ RunTime:0.019001s ]
INFO: [ view_filter ] --START--
INFO: Run Behavior\WriteHtmlCacheBehavior [ RunTime:0.000000s ]
INFO: [ view_filter ] --END-- [ RunTime:0.002000s ]
INFO: [ app_end ] --START--
INFO: Run Behavior\ShowPageTraceBehavior [ RunTime:0.001000s ]
INFO: [ app_end ] --END-- [ RunTime:0.002000s ]

[ 2018-06-18T11:46:21+08:00 ] 127.0.0.1 /
INFO: [ app_init ] --START--
INFO: Run Behavior\BuildLiteBehavior [ RunTime:0.000000s ]
INFO: [ app_init ] --END-- [ RunTime:0.000000s ]
INFO: [ app_begin ] --START--
INFO: Run Behavior\ReadHtmlCacheBehavior [ RunTime:0.001000s ]
INFO: [ app_begin ] --END-- [ RunTime:0.001000s ]
SQL: SHOW COLUMNS FROM `think_column` [ RunTime:0.0020s ]
SQL: SELECT * FROM `think_column`  [ RunTime:0.0010s ]
NOTIC: [8] Undefined variable: goods_column_list D:\wamp\apps\zhonglai\Application\Home\Common\CommonController.class.php 第 23 行.
NOTIC: [2] Invalid argument supplied for foreach() D:\wamp\apps\zhonglai\Application\Home\Common\CommonController.class.php 第 23 行.
NOTIC: [8] Undefined variable: goods_column_list D:\wamp\apps\zhonglai\Application\Home\Common\CommonController.class.php 第 33 行.
NOTIC: [8] Undefined variable: project_column_list D:\wamp\apps\zhonglai\Application\Home\Common\CommonController.class.php 第 35 行.
SQL: SHOW COLUMNS FROM `think_config` [ RunTime:0.0040s ]
SQL: SHOW COLUMNS FROM `think_article` [ RunTime:0.0030s ]
SQL: SHOW COLUMNS FROM `think_obtain_links` [ RunTime:0.0020s ]
SQL: SHOW COLUMNS FROM `think_education_links` [ RunTime:0.0020s ]
SQL: SELECT * FROM `think_config` WHERE ( id=1 ) LIMIT 1   [ RunTime:0.0010s ]
SQL: SELECT * FROM `think_article` WHERE ( column_id=23 ) LIMIT 1   [ RunTime:0.0000s ]
SQL: SELECT * FROM `think_article` WHERE ( column_id=11 ) ORDER BY id DESC LIMIT 12   [ RunTime:0.0010s ]
SQL: SELECT * FROM `think_column` WHERE `id` IN ('14','15','16','21','22')  [ RunTime:0.0010s ]
SQL: SELECT * FROM `think_article` WHERE ( column_id=14 ) ORDER BY id DESC LIMIT 5   [ RunTime:0.0000s ]
SQL: SELECT * FROM `think_article` WHERE ( column_id=15 ) ORDER BY id DESC LIMIT 6   [ RunTime:0.0010s ]
SQL: SELECT * FROM `think_article` WHERE ( column_id=16 ) ORDER BY id DESC LIMIT 5   [ RunTime:0.0010s ]
SQL: SELECT * FROM `think_article` WHERE ( column_id=17 ) ORDER BY id DESC LIMIT 20   [ RunTime:0.0010s ]
SQL: SELECT * FROM `think_obtain_links` ORDER BY id DESC LIMIT 10   [ RunTime:0.0010s ]
SQL: SELECT * FROM `think_education_links` ORDER BY id DESC LIMIT 5   [ RunTime:0.0010s ]
SQL: SELECT * FROM `think_article` WHERE ( column_id=21 ) ORDER BY id DESC LIMIT 6   [ RunTime:0.0010s ]
SQL: SELECT * FROM `think_article` WHERE ( column_id=22 ) ORDER BY id DESC LIMIT 5   [ RunTime:0.0000s ]
SQL: SHOW COLUMNS FROM `think_slide` [ RunTime:0.0030s ]
SQL: SELECT * FROM `think_slide`  [ RunTime:0.0000s ]
INFO: [ view_parse ] --START--
INFO: [ template_filter ] --START--
INFO: Run Behavior\ContentReplaceBehavior [ RunTime:0.000000s ]
INFO: [ template_filter ] --END-- [ RunTime:0.000000s ]
INFO: Run Behavior\ParseTemplateBehavior [ RunTime:0.020002s ]
INFO: [ view_parse ] --END-- [ RunTime:0.020002s ]
INFO: [ view_filter ] --START--
INFO: Run Behavior\WriteHtmlCacheBehavior [ RunTime:0.001000s ]
INFO: [ view_filter ] --END-- [ RunTime:0.001000s ]
INFO: [ app_end ] --START--
INFO: Run Behavior\ShowPageTraceBehavior [ RunTime:0.002000s ]
INFO: [ app_end ] --END-- [ RunTime:0.002000s ]

[ 2018-06-18T11:46:32+08:00 ] 127.0.0.1 /
INFO: [ app_init ] --START--
INFO: Run Behavior\BuildLiteBehavior [ RunTime:0.000000s ]
INFO: [ app_init ] --END-- [ RunTime:0.001000s ]
INFO: [ app_begin ] --START--
INFO: Run Behavior\ReadHtmlCacheBehavior [ RunTime:0.002000s ]
INFO: [ app_begin ] --END-- [ RunTime:0.002000s ]
SQL: SHOW COLUMNS FROM `think_column` [ RunTime:0.0030s ]
SQL: SELECT * FROM `think_column`  [ RunTime:0.0010s ]
NOTIC: [8] Undefined variable: goods_column_list D:\wamp\apps\zhonglai\Application\Home\Common\CommonController.class.php 第 23 行.
NOTIC: [2] Invalid argument supplied for foreach() D:\wamp\apps\zhonglai\Application\Home\Common\CommonController.class.php 第 23 行.
NOTIC: [8] Undefined variable: goods_column_list D:\wamp\apps\zhonglai\Application\Home\Common\CommonController.class.php 第 33 行.
NOTIC: [8] Undefined variable: project_column_list D:\wamp\apps\zhonglai\Application\Home\Common\CommonController.class.php 第 35 行.
SQL: SHOW COLUMNS FROM `think_config` [ RunTime:0.0040s ]
SQL: SHOW COLUMNS FROM `think_article` [ RunTime:0.0040s ]
SQL: SHOW COLUMNS FROM `think_obtain_links` [ RunTime:0.0040s ]
SQL: SHOW COLUMNS FROM `think_education_links` [ RunTime:0.0020s ]
SQL: SELECT * FROM `think_config` WHERE ( id=1 ) LIMIT 1   [ RunTime:0.0010s ]
SQL: SELECT * FROM `think_article` WHERE ( column_id=23 ) LIMIT 1   [ RunTime:0.0000s ]
SQL: SELECT * FROM `think_article` WHERE ( column_id=11 ) ORDER BY id DESC LIMIT 12   [ RunTime:0.0010s ]
SQL: SELECT * FROM `think_column` WHERE `id` IN ('14','15','16','21','22')  [ RunTime:0.0010s ]
SQL: SELECT * FROM `think_article` WHERE ( column_id=14 ) ORDER BY id DESC LIMIT 5   [ RunTime:0.0010s ]
SQL: SELECT * FROM `think_article` WHERE ( column_id=15 ) ORDER BY id DESC LIMIT 6   [ RunTime:0.0010s ]
SQL: SELECT * FROM `think_article` WHERE ( column_id=16 ) ORDER BY id DESC LIMIT 5   [ RunTime:0.0010s ]
SQL: SELECT * FROM `think_article` WHERE ( column_id=17 ) ORDER BY id DESC LIMIT 20   [ RunTime:0.0010s ]
SQL: SELECT * FROM `think_obtain_links` ORDER BY id DESC LIMIT 10   [ RunTime:0.0010s ]
SQL: SELECT * FROM `think_education_links` ORDER BY id DESC LIMIT 5   [ RunTime:0.0010s ]
SQL: SELECT * FROM `think_article` WHERE ( column_id=21 ) ORDER BY id DESC LIMIT 6   [ RunTime:0.0010s ]
SQL: SELECT * FROM `think_article` WHERE ( column_id=22 ) ORDER BY id DESC LIMIT 5   [ RunTime:0.0010s ]
SQL: SHOW COLUMNS FROM `think_slide` [ RunTime:0.0010s ]
SQL: SELECT * FROM `think_slide`  [ RunTime:0.0010s ]
INFO: [ view_parse ] --START--
INFO: [ template_filter ] --START--
INFO: Run Behavior\ContentReplaceBehavior [ RunTime:0.000000s ]
INFO: [ template_filter ] --END-- [ RunTime:0.001000s ]
INFO: Run Behavior\ParseTemplateBehavior [ RunTime:0.023001s ]
INFO: [ view_parse ] --END-- [ RunTime:0.023001s ]
INFO: [ view_filter ] --START--
INFO: Run Behavior\WriteHtmlCacheBehavior [ RunTime:0.001000s ]
INFO: [ view_filter ] --END-- [ RunTime:0.001000s ]
INFO: [ app_end ] --START--
INFO: Run Behavior\ShowPageTraceBehavior [ RunTime:0.001000s ]
INFO: [ app_end ] --END-- [ RunTime:0.002000s ]

[ 2018-06-18T11:46:55+08:00 ] 127.0.0.1 /
INFO: [ app_init ] --START--
INFO: Run Behavior\BuildLiteBehavior [ RunTime:0.000000s ]
INFO: [ app_init ] --END-- [ RunTime:0.001000s ]
INFO: [ app_begin ] --START--
INFO: Run Behavior\ReadHtmlCacheBehavior [ RunTime:0.003000s ]
INFO: [ app_begin ] --END-- [ RunTime:0.003000s ]
SQL: SHOW COLUMNS FROM `think_column` [ RunTime:0.0020s ]
SQL: SELECT * FROM `think_column`  [ RunTime:0.0000s ]
NOTIC: [8] Undefined variable: goods_column_list D:\wamp\apps\zhonglai\Application\Home\Common\CommonController.class.php 第 23 行.
NOTIC: [2] Invalid argument supplied for foreach() D:\wamp\apps\zhonglai\Application\Home\Common\CommonController.class.php 第 23 行.
NOTIC: [8] Undefined variable: goods_column_list D:\wamp\apps\zhonglai\Application\Home\Common\CommonController.class.php 第 33 行.
NOTIC: [8] Undefined variable: project_column_list D:\wamp\apps\zhonglai\Application\Home\Common\CommonController.class.php 第 35 行.
SQL: SHOW COLUMNS FROM `think_config` [ RunTime:0.0040s ]
SQL: SHOW COLUMNS FROM `think_article` [ RunTime:0.0040s ]
SQL: SHOW COLUMNS FROM `think_obtain_links` [ RunTime:0.0040s ]
SQL: SHOW COLUMNS FROM `think_education_links` [ RunTime:0.0040s ]
SQL: SELECT * FROM `think_config` WHERE ( id=1 ) LIMIT 1   [ RunTime:0.0010s ]
SQL: SELECT * FROM `think_article` WHERE ( column_id=23 ) LIMIT 1   [ RunTime:0.0010s ]
SQL: SELECT * FROM `think_article` WHERE ( column_id=11 ) ORDER BY id DESC LIMIT 12   [ RunTime:0.0000s ]
SQL: SELECT * FROM `think_column` WHERE `id` IN ('14','15','16','21','22')  [ RunTime:0.0010s ]
SQL: SELECT * FROM `think_article` WHERE ( column_id=14 ) ORDER BY id DESC LIMIT 5   [ RunTime:0.0010s ]
SQL: SELECT * FROM `think_article` WHERE ( column_id=15 ) ORDER BY id DESC LIMIT 6   [ RunTime:0.0010s ]
SQL: SELECT * FROM `think_article` WHERE ( column_id=16 ) ORDER BY id DESC LIMIT 5   [ RunTime:0.0010s ]
SQL: SELECT * FROM `think_article` WHERE ( column_id=17 ) ORDER BY id DESC LIMIT 20   [ RunTime:0.0010s ]
SQL: SELECT * FROM `think_obtain_links` ORDER BY id DESC LIMIT 10   [ RunTime:0.0000s ]
SQL: SELECT * FROM `think_education_links` ORDER BY id DESC LIMIT 5   [ RunTime:0.0000s ]
SQL: SELECT * FROM `think_article` WHERE ( column_id=21 ) ORDER BY id DESC LIMIT 6   [ RunTime:0.0010s ]
SQL: SELECT * FROM `think_article` WHERE ( column_id=22 ) ORDER BY id DESC LIMIT 5   [ RunTime:0.0010s ]
SQL: SHOW COLUMNS FROM `think_slide` [ RunTime:0.0010s ]
SQL: SELECT * FROM `think_slide`  [ RunTime:0.0000s ]
INFO: [ view_parse ] --START--
INFO: [ template_filter ] --START--
INFO: Run Behavior\ContentReplaceBehavior [ RunTime:0.000000s ]
INFO: [ template_filter ] --END-- [ RunTime:0.000000s ]
INFO: Run Behavior\ParseTemplateBehavior [ RunTime:0.022002s ]
INFO: [ view_parse ] --END-- [ RunTime:0.022002s ]
INFO: [ view_filter ] --START--
INFO: Run Behavior\WriteHtmlCacheBehavior [ RunTime:0.001000s ]
INFO: [ view_filter ] --END-- [ RunTime:0.002000s ]
INFO: [ app_end ] --START--
INFO: Run Behavior\ShowPageTraceBehavior [ RunTime:0.002000s ]
INFO: [ app_end ] --END-- [ RunTime:0.002000s ]

[ 2018-06-18T11:46:56+08:00 ] 127.0.0.1 /
INFO: [ app_init ] --START--
INFO: Run Behavior\BuildLiteBehavior [ RunTime:0.000000s ]
INFO: [ app_init ] --END-- [ RunTime:0.001000s ]
INFO: [ app_begin ] --START--
INFO: Run Behavior\ReadHtmlCacheBehavior [ RunTime:0.001000s ]
INFO: [ app_begin ] --END-- [ RunTime:0.002000s ]
SQL: SHOW COLUMNS FROM `think_column` [ RunTime:0.0090s ]
SQL: SELECT * FROM `think_column`  [ RunTime:0.0010s ]
NOTIC: [8] Undefined variable: goods_column_list D:\wamp\apps\zhonglai\Application\Home\Common\CommonController.class.php 第 23 行.
NOTIC: [2] Invalid argument supplied for foreach() D:\wamp\apps\zhonglai\Application\Home\Common\CommonController.class.php 第 23 行.
NOTIC: [8] Undefined variable: goods_column_list D:\wamp\apps\zhonglai\Application\Home\Common\CommonController.class.php 第 33 行.
NOTIC: [8] Undefined variable: project_column_list D:\wamp\apps\zhonglai\Application\Home\Common\CommonController.class.php 第 35 行.
SQL: SHOW COLUMNS FROM `think_config` [ RunTime:0.0040s ]
SQL: SHOW COLUMNS FROM `think_article` [ RunTime:0.0050s ]
SQL: SHOW COLUMNS FROM `think_obtain_links` [ RunTime:0.0040s ]
SQL: SHOW COLUMNS FROM `think_education_links` [ RunTime:0.0030s ]
SQL: SELECT * FROM `think_config` WHERE ( id=1 ) LIMIT 1   [ RunTime:0.0010s ]
SQL: SELECT * FROM `think_article` WHERE ( column_id=23 ) LIMIT 1   [ RunTime:0.0010s ]
SQL: SELECT * FROM `think_article` WHERE ( column_id=11 ) ORDER BY id DESC LIMIT 12   [ RunTime:0.0010s ]
SQL: SELECT * FROM `think_column` WHERE `id` IN ('14','15','16','21','22')  [ RunTime:0.0010s ]
SQL: SELECT * FROM `think_article` WHERE ( column_id=14 ) ORDER BY id DESC LIMIT 5   [ RunTime:0.0010s ]
SQL: SELECT * FROM `think_article` WHERE ( column_id=15 ) ORDER BY id DESC LIMIT 6   [ RunTime:0.0020s ]
SQL: SELECT * FROM `think_article` WHERE ( column_id=16 ) ORDER BY id DESC LIMIT 5   [ RunTime:0.0010s ]
SQL: SELECT * FROM `think_article` WHERE ( column_id=17 ) ORDER BY id DESC LIMIT 20   [ RunTime:0.0010s ]
SQL: SELECT * FROM `think_obtain_links` ORDER BY id DESC LIMIT 10   [ RunTime:0.0000s ]
SQL: SELECT * FROM `think_education_links` ORDER BY id DESC LIMIT 5   [ RunTime:0.0010s ]
SQL: SELECT * FROM `think_article` WHERE ( column_id=21 ) ORDER BY id DESC LIMIT 6   [ RunTime:0.0020s ]
SQL: SELECT * FROM `think_article` WHERE ( column_id=22 ) ORDER BY id DESC LIMIT 5   [ RunTime:0.0020s ]
SQL: SHOW COLUMNS FROM `think_slide` [ RunTime:0.0010s ]
SQL: SELECT * FROM `think_slide`  [ RunTime:0.0010s ]
INFO: [ view_parse ] --START--
INFO: [ template_filter ] --START--
INFO: Run Behavior\ContentReplaceBehavior [ RunTime:0.001000s ]
INFO: [ template_filter ] --END-- [ RunTime:0.001000s ]
INFO: Run Behavior\ParseTemplateBehavior [ RunTime:0.033002s ]
INFO: [ view_parse ] --END-- [ RunTime:0.034002s ]
INFO: [ view_filter ] --START--
INFO: Run Behavior\WriteHtmlCacheBehavior [ RunTime:0.001000s ]
INFO: [ view_filter ] --END-- [ RunTime:0.002000s ]
INFO: [ app_end ] --START--
INFO: Run Behavior\ShowPageTraceBehavior [ RunTime:0.001000s ]
INFO: [ app_end ] --END-- [ RunTime:0.001000s ]

[ 2018-06-18T11:46:57+08:00 ] 127.0.0.1 /
INFO: [ app_init ] --START--
INFO: Run Behavior\BuildLiteBehavior [ RunTime:0.000000s ]
INFO: [ app_init ] --END-- [ RunTime:0.002000s ]
INFO: [ app_begin ] --START--
INFO: Run Behavior\ReadHtmlCacheBehavior [ RunTime:0.003000s ]
INFO: [ app_begin ] --END-- [ RunTime:0.003000s ]
SQL: SHOW COLUMNS FROM `think_column` [ RunTime:0.0040s ]
SQL: SELECT * FROM `think_column`  [ RunTime:0.0010s ]
NOTIC: [8] Undefined variable: goods_column_list D:\wamp\apps\zhonglai\Application\Home\Common\CommonController.class.php 第 23 行.
NOTIC: [2] Invalid argument supplied for foreach() D:\wamp\apps\zhonglai\Application\Home\Common\CommonController.class.php 第 23 行.
NOTIC: [8] Undefined variable: goods_column_list D:\wamp\apps\zhonglai\Application\Home\Common\CommonController.class.php 第 33 行.
NOTIC: [8] Undefined variable: project_column_list D:\wamp\apps\zhonglai\Application\Home\Common\CommonController.class.php 第 35 行.
SQL: SHOW COLUMNS FROM `think_config` [ RunTime:0.0020s ]
SQL: SHOW COLUMNS FROM `think_article` [ RunTime:0.0020s ]
SQL: SHOW COLUMNS FROM `think_obtain_links` [ RunTime:0.0040s ]
SQL: SHOW COLUMNS FROM `think_education_links` [ RunTime:0.0040s ]
SQL: SELECT * FROM `think_config` WHERE ( id=1 ) LIMIT 1   [ RunTime:0.0020s ]
SQL: SELECT * FROM `think_article` WHERE ( column_id=23 ) LIMIT 1   [ RunTime:0.0010s ]
SQL: SELECT * FROM `think_article` WHERE ( column_id=11 ) ORDER BY id DESC LIMIT 12   [ RunTime:0.0020s ]
SQL: SELECT * FROM `think_column` WHERE `id` IN ('14','15','16','21','22')  [ RunTime:0.0020s ]
SQL: SELECT * FROM `think_article` WHERE ( column_id=14 ) ORDER BY id DESC LIMIT 5   [ RunTime:0.0020s ]
SQL: SELECT * FROM `think_article` WHERE ( column_id=15 ) ORDER BY id DESC LIMIT 6   [ RunTime:0.0010s ]
SQL: SELECT * FROM `think_article` WHERE ( column_id=16 ) ORDER BY id DESC LIMIT 5   [ RunTime:0.0010s ]
SQL: SELECT * FROM `think_article` WHERE ( column_id=17 ) ORDER BY id DESC LIMIT 20   [ RunTime:0.0010s ]
SQL: SELECT * FROM `think_obtain_links` ORDER BY id DESC LIMIT 10   [ RunTime:0.0010s ]
SQL: SELECT * FROM `think_education_links` ORDER BY id DESC LIMIT 5   [ RunTime:0.0020s ]
SQL: SELECT * FROM `think_article` WHERE ( column_id=21 ) ORDER BY id DESC LIMIT 6   [ RunTime:0.0010s ]
SQL: SELECT * FROM `think_article` WHERE ( column_id=22 ) ORDER BY id DESC LIMIT 5   [ RunTime:0.0020s ]
SQL: SHOW COLUMNS FROM `think_slide` [ RunTime:0.0020s ]
SQL: SELECT * FROM `think_slide`  [ RunTime:0.0000s ]
INFO: [ view_parse ] --START--
INFO: [ template_filter ] --START--
INFO: Run Behavior\ContentReplaceBehavior [ RunTime:0.001000s ]
INFO: [ template_filter ] --END-- [ RunTime:0.001000s ]
INFO: Run Behavior\ParseTemplateBehavior [ RunTime:0.033002s ]
INFO: [ view_parse ] --END-- [ RunTime:0.034002s ]
INFO: [ view_filter ] --START--
INFO: Run Behavior\WriteHtmlCacheBehavior [ RunTime:0.002000s ]
INFO: [ view_filter ] --END-- [ RunTime:0.002000s ]
INFO: [ app_end ] --START--
INFO: Run Behavior\ShowPageTraceBehavior [ RunTime:0.005001s ]
INFO: [ app_end ] --END-- [ RunTime:0.007001s ]

[ 2018-06-18T11:46:58+08:00 ] 127.0.0.1 /
INFO: [ app_init ] --START--
INFO: Run Behavior\BuildLiteBehavior [ RunTime:0.000000s ]
INFO: [ app_init ] --END-- [ RunTime:0.003000s ]
INFO: [ app_begin ] --START--
INFO: Run Behavior\ReadHtmlCacheBehavior [ RunTime:0.003001s ]
INFO: [ app_begin ] --END-- [ RunTime:0.003001s ]
SQL: SHOW COLUMNS FROM `think_column` [ RunTime:0.0020s ]
SQL: SELECT * FROM `think_column`  [ RunTime:0.0010s ]
NOTIC: [8] Undefined variable: goods_column_list D:\wamp\apps\zhonglai\Application\Home\Common\CommonController.class.php 第 23 行.
NOTIC: [2] Invalid argument supplied for foreach() D:\wamp\apps\zhonglai\Application\Home\Common\CommonController.class.php 第 23 行.
NOTIC: [8] Undefined variable: goods_column_list D:\wamp\apps\zhonglai\Application\Home\Common\CommonController.class.php 第 33 行.
NOTIC: [8] Undefined variable: project_column_list D:\wamp\apps\zhonglai\Application\Home\Common\CommonController.class.php 第 35 行.
SQL: SHOW COLUMNS FROM `think_config` [ RunTime:0.0030s ]
SQL: SHOW COLUMNS FROM `think_article` [ RunTime:0.0020s ]
SQL: SHOW COLUMNS FROM `think_obtain_links` [ RunTime:0.0030s ]
SQL: SHOW COLUMNS FROM `think_education_links` [ RunTime:0.0020s ]
SQL: SELECT * FROM `think_config` WHERE ( id=1 ) LIMIT 1   [ RunTime:0.0000s ]
SQL: SELECT * FROM `think_article` WHERE ( column_id=23 ) LIMIT 1   [ RunTime:0.0010s ]
SQL: SELECT * FROM `think_article` WHERE ( column_id=11 ) ORDER BY id DESC LIMIT 12   [ RunTime:0.0010s ]
SQL: SELECT * FROM `think_column` WHERE `id` IN ('14','15','16','21','22')  [ RunTime:0.0010s ]
SQL: SELECT * FROM `think_article` WHERE ( column_id=14 ) ORDER BY id DESC LIMIT 5   [ RunTime:0.0020s ]
SQL: SELECT * FROM `think_article` WHERE ( column_id=15 ) ORDER BY id DESC LIMIT 6   [ RunTime:0.0020s ]
SQL: SELECT * FROM `think_article` WHERE ( column_id=16 ) ORDER BY id DESC LIMIT 5   [ RunTime:0.0020s ]
SQL: SELECT * FROM `think_article` WHERE ( column_id=17 ) ORDER BY id DESC LIMIT 20   [ RunTime:0.0010s ]
SQL: SELECT * FROM `think_obtain_links` ORDER BY id DESC LIMIT 10   [ RunTime:0.0010s ]
SQL: SELECT * FROM `think_education_links` ORDER BY id DESC LIMIT 5   [ RunTime:0.0000s ]
SQL: SELECT * FROM `think_article` WHERE ( column_id=21 ) ORDER BY id DESC LIMIT 6   [ RunTime:0.0010s ]
SQL: SELECT * FROM `think_article` WHERE ( column_id=22 ) ORDER BY id DESC LIMIT 5   [ RunTime:0.0020s ]
SQL: SHOW COLUMNS FROM `think_slide` [ RunTime:0.0020s ]
SQL: SELECT * FROM `think_slide`  [ RunTime:0.0020s ]
INFO: [ view_parse ] --START--
INFO: [ template_filter ] --START--
INFO: Run Behavior\ContentReplaceBehavior [ RunTime:0.000000s ]
INFO: [ template_filter ] --END-- [ RunTime:0.001000s ]
INFO: Run Behavior\ParseTemplateBehavior [ RunTime:0.029002s ]
INFO: [ view_parse ] --END-- [ RunTime:0.030002s ]
INFO: [ view_filter ] --START--
INFO: Run Behavior\WriteHtmlCacheBehavior [ RunTime:0.001000s ]
INFO: [ view_filter ] --END-- [ RunTime:0.002000s ]
INFO: [ app_end ] --START--
INFO: Run Behavior\ShowPageTraceBehavior [ RunTime:0.003000s ]
INFO: [ app_end ] --END-- [ RunTime:0.003000s ]

[ 2018-06-18T11:49:56+08:00 ] 127.0.0.1 /
INFO: [ app_init ] --START--
INFO: Run Behavior\BuildLiteBehavior [ RunTime:0.000000s ]
INFO: [ app_init ] --END-- [ RunTime:0.002000s ]
INFO: [ app_begin ] --START--
INFO: Run Behavior\ReadHtmlCacheBehavior [ RunTime:0.002000s ]
INFO: [ app_begin ] --END-- [ RunTime:0.002000s ]
SQL: SHOW COLUMNS FROM `think_column` [ RunTime:0.0020s ]
SQL: SELECT * FROM `think_column`  [ RunTime:0.0010s ]
NOTIC: [8] Undefined variable: goods_column_list D:\wamp\apps\zhonglai\Application\Home\Common\CommonController.class.php 第 23 行.
NOTIC: [2] Invalid argument supplied for foreach() D:\wamp\apps\zhonglai\Application\Home\Common\CommonController.class.php 第 23 行.
NOTIC: [8] Undefined variable: goods_column_list D:\wamp\apps\zhonglai\Application\Home\Common\CommonController.class.php 第 33 行.
NOTIC: [8] Undefined variable: project_column_list D:\wamp\apps\zhonglai\Application\Home\Common\CommonController.class.php 第 35 行.
SQL: SHOW COLUMNS FROM `think_config` [ RunTime:0.0030s ]
SQL: SHOW COLUMNS FROM `think_article` [ RunTime:0.0010s ]
SQL: SHOW COLUMNS FROM `think_obtain_links` [ RunTime:0.0010s ]
SQL: SHOW COLUMNS FROM `think_education_links` [ RunTime:0.0010s ]
SQL: SELECT * FROM `think_config` WHERE ( id=1 ) LIMIT 1   [ RunTime:0.0000s ]
SQL: SELECT * FROM `think_article` WHERE ( column_id=23 ) LIMIT 1   [ RunTime:0.0000s ]
SQL: SELECT * FROM `think_article` WHERE ( column_id=11 ) ORDER BY id DESC LIMIT 12   [ RunTime:0.0010s ]
SQL: SELECT * FROM `think_column` WHERE `id` IN ('14','15','16','21','22')  [ RunTime:0.0000s ]
SQL: SELECT * FROM `think_article` WHERE ( column_id=14 ) ORDER BY id DESC LIMIT 5   [ RunTime:0.0010s ]
SQL: SELECT * FROM `think_article` WHERE ( column_id=15 ) ORDER BY id DESC LIMIT 6   [ RunTime:0.0010s ]
SQL: SELECT * FROM `think_article` WHERE ( column_id=16 ) ORDER BY id DESC LIMIT 5   [ RunTime:0.0010s ]
SQL: SELECT * FROM `think_article` WHERE ( column_id=17 ) ORDER BY id DESC LIMIT 20   [ RunTime:0.0010s ]
SQL: SELECT * FROM `think_obtain_links` ORDER BY id DESC LIMIT 10   [ RunTime:0.0010s ]
SQL: SELECT * FROM `think_education_links` ORDER BY id DESC LIMIT 5   [ RunTime:0.0010s ]
SQL: SELECT * FROM `think_article` WHERE ( column_id=21 ) ORDER BY id DESC LIMIT 6   [ RunTime:0.0010s ]
SQL: SELECT * FROM `think_article` WHERE ( column_id=22 ) ORDER BY id DESC LIMIT 5   [ RunTime:0.0010s ]
SQL: SHOW COLUMNS FROM `think_slide` [ RunTime:0.0010s ]
SQL: SELECT * FROM `think_slide`  [ RunTime:0.0000s ]
INFO: [ view_parse ] --START--
INFO: [ template_filter ] --START--
INFO: Run Behavior\ContentReplaceBehavior [ RunTime:0.001000s ]
INFO: [ template_filter ] --END-- [ RunTime:0.001000s ]
INFO: Run Behavior\ParseTemplateBehavior [ RunTime:0.021001s ]
INFO: [ view_parse ] --END-- [ RunTime:0.022001s ]
INFO: [ view_filter ] --START--
INFO: Run Behavior\WriteHtmlCacheBehavior [ RunTime:0.002000s ]
INFO: [ view_filter ] --END-- [ RunTime:0.002000s ]
INFO: [ app_end ] --START--
INFO: Run Behavior\ShowPageTraceBehavior [ RunTime:0.002000s ]
INFO: [ app_end ] --END-- [ RunTime:0.003000s ]

[ 2018-06-18T11:52:19+08:00 ] 127.0.0.1 /
INFO: [ app_init ] --START--
INFO: Run Behavior\BuildLiteBehavior [ RunTime:0.000000s ]
INFO: [ app_init ] --END-- [ RunTime:0.002000s ]
INFO: [ app_begin ] --START--
INFO: Run Behavior\ReadHtmlCacheBehavior [ RunTime:0.002000s ]
INFO: [ app_begin ] --END-- [ RunTime:0.002000s ]
SQL: SHOW COLUMNS FROM `think_column` [ RunTime:0.0010s ]
SQL: SELECT * FROM `think_column`  [ RunTime:0.0000s ]
NOTIC: [8] Undefined variable: goods_column_list D:\wamp\apps\zhonglai\Application\Home\Common\CommonController.class.php 第 23 行.
NOTIC: [2] Invalid argument supplied for foreach() D:\wamp\apps\zhonglai\Application\Home\Common\CommonController.class.php 第 23 行.
NOTIC: [8] Undefined variable: goods_column_list D:\wamp\apps\zhonglai\Application\Home\Common\CommonController.class.php 第 33 行.
NOTIC: [8] Undefined variable: project_column_list D:\wamp\apps\zhonglai\Application\Home\Common\CommonController.class.php 第 35 行.
SQL: SHOW COLUMNS FROM `think_config` [ RunTime:0.0030s ]
SQL: SHOW COLUMNS FROM `think_article` [ RunTime:0.0030s ]
SQL: SHOW COLUMNS FROM `think_obtain_links` [ RunTime:0.0030s ]
SQL: SHOW COLUMNS FROM `think_education_links` [ RunTime:0.0030s ]
SQL: SELECT * FROM `think_config` WHERE ( id=1 ) LIMIT 1   [ RunTime:0.0000s ]
SQL: SELECT * FROM `think_article` WHERE ( column_id=23 ) LIMIT 1   [ RunTime:0.0010s ]
SQL: SELECT * FROM `think_article` WHERE ( column_id=11 ) ORDER BY id DESC LIMIT 12   [ RunTime:0.0010s ]
SQL: SELECT * FROM `think_column` WHERE `id` IN ('14','15','16','21','22')  [ RunTime:0.0010s ]
SQL: SELECT * FROM `think_article` WHERE ( column_id=14 ) ORDER BY id DESC LIMIT 5   [ RunTime:0.0010s ]
SQL: SELECT * FROM `think_article` WHERE ( column_id=15 ) ORDER BY id DESC LIMIT 6   [ RunTime:0.0010s ]
SQL: SELECT * FROM `think_article` WHERE ( column_id=16 ) ORDER BY id DESC LIMIT 5   [ RunTime:0.0010s ]
SQL: SELECT * FROM `think_article` WHERE ( column_id=17 ) ORDER BY id DESC LIMIT 20   [ RunTime:0.0000s ]
SQL: SELECT * FROM `think_obtain_links` ORDER BY id DESC LIMIT 10   [ RunTime:0.0000s ]
SQL: SELECT * FROM `think_education_links` ORDER BY id DESC LIMIT 5   [ RunTime:0.0000s ]
SQL: SELECT * FROM `think_article` WHERE ( column_id=21 ) ORDER BY id DESC LIMIT 6   [ RunTime:0.0010s ]
SQL: SELECT * FROM `think_article` WHERE ( column_id=22 ) ORDER BY id DESC LIMIT 5   [ RunTime:0.0000s ]
SQL: SHOW COLUMNS FROM `think_slide` [ RunTime:0.0010s ]
SQL: SELECT * FROM `think_slide`  [ RunTime:0.0000s ]
INFO: [ view_parse ] --START--
INFO: [ template_filter ] --START--
INFO: Run Behavior\ContentReplaceBehavior [ RunTime:0.000000s ]
INFO: [ template_filter ] --END-- [ RunTime:0.001000s ]
INFO: Run Behavior\ParseTemplateBehavior [ RunTime:0.024001s ]
INFO: [ view_parse ] --END-- [ RunTime:0.025001s ]
INFO: [ view_filter ] --START--
INFO: Run Behavior\WriteHtmlCacheBehavior [ RunTime:0.001000s ]
INFO: [ view_filter ] --END-- [ RunTime:0.002000s ]
INFO: [ app_end ] --START--
INFO: Run Behavior\ShowPageTraceBehavior [ RunTime:0.002001s ]
INFO: [ app_end ] --END-- [ RunTime:0.003001s ]

