[ 2018-06-18T11:31:38+08:00 ] 127.0.0.1 /admin
INFO: [ app_init ] --START--
INFO: Run Behavior\BuildLiteBehavior [ RunTime:0.000000s ]
INFO: [ app_init ] --END-- [ RunTime:0.003000s ]
INFO: [ app_begin ] --START--
INFO: Run Behavior\ReadHtmlCacheBehavior [ RunTime:0.002000s ]
INFO: [ app_begin ] --END-- [ RunTime:0.002000s ]

[ 2018-06-18T11:31:42+08:00 ] 127.0.0.1 /admin/login
INFO: [ app_init ] --START--
INFO: Run Behavior\BuildLiteBehavior [ RunTime:0.000000s ]
INFO: [ app_init ] --END-- [ RunTime:0.001001s ]
INFO: [ app_begin ] --START--
INFO: Run Behavior\ReadHtmlCacheBehavior [ RunTime:0.001000s ]
INFO: [ app_begin ] --END-- [ RunTime:0.002000s ]

[ 2018-06-18T11:31:42+08:00 ] 127.0.0.1 /Admin/Login/login.html
INFO: [ app_init ] --START--
INFO: Run Behavior\BuildLiteBehavior [ RunTime:0.000000s ]
INFO: [ app_init ] --END-- [ RunTime:0.001000s ]
INFO: [ app_begin ] --START--
INFO: Run Behavior\ReadHtmlCacheBehavior [ RunTime:0.001000s ]
INFO: [ app_begin ] --END-- [ RunTime:0.003000s ]
INFO: [ view_parse ] --START--
INFO: [ template_filter ] --START--
INFO: Run Behavior\ContentReplaceBehavior [ RunTime:0.000000s ]
INFO: [ template_filter ] --END-- [ RunTime:0.001000s ]
INFO: Run Behavior\ParseTemplateBehavior [ RunTime:0.052003s ]
INFO: [ view_parse ] --END-- [ RunTime:0.052003s ]
INFO: [ view_filter ] --START--
INFO: Run Behavior\WriteHtmlCacheBehavior [ RunTime:0.015001s ]
INFO: [ view_filter ] --END-- [ RunTime:0.015001s ]
INFO: [ app_end ] --START--
INFO: Run Behavior\ShowPageTraceBehavior [ RunTime:0.006000s ]
INFO: [ app_end ] --END-- [ RunTime:0.007000s ]

[ 2018-06-18T11:31:42+08:00 ] 127.0.0.1 /Admin/Login/verify.html
INFO: [ app_init ] --START--
INFO: Run Behavior\BuildLiteBehavior [ RunTime:0.000000s ]
INFO: [ app_init ] --END-- [ RunTime:0.002001s ]
INFO: [ app_begin ] --START--
INFO: Run Behavior\ReadHtmlCacheBehavior [ RunTime:0.003000s ]
INFO: [ app_begin ] --END-- [ RunTime:0.004000s ]
INFO: [ app_end ] --START--
INFO: Run Behavior\ShowPageTraceBehavior [ RunTime:0.002001s ]
INFO: [ app_end ] --END-- [ RunTime:0.002001s ]

[ 2018-06-18T11:31:57+08:00 ] 127.0.0.1 /Admin/Login/checklogin.html
INFO: [ app_init ] --START--
INFO: Run Behavior\BuildLiteBehavior [ RunTime:0.000000s ]
INFO: [ app_init ] --END-- [ RunTime:0.001000s ]
INFO: [ app_begin ] --START--
INFO: Run Behavior\ReadHtmlCacheBehavior [ RunTime:0.001000s ]
INFO: [ app_begin ] --END-- [ RunTime:0.001000s ]
SQL: SHOW COLUMNS FROM `think_member` [ RunTime:0.0040s ]
SQL: SELECT * FROM `think_member` WHERE `username` = 'admin' AND `password` = 'e10adc3949ba59abbe56e057f20f883e' LIMIT 1   [ RunTime:0.0010s ]
SQL: UPDATE `think_member` SET `login_ip`='127.0.0.1',`login_time`='2018-06-18 11:31:57',`login_count`='40' WHERE `id` = 1 [ RunTime:0.0030s ]
INFO: [ view_parse ] --START--
INFO: [ template_filter ] --START--
INFO: Run Behavior\ContentReplaceBehavior [ RunTime:0.001000s ]
INFO: [ template_filter ] --END-- [ RunTime:0.001000s ]
INFO: Run Behavior\ParseTemplateBehavior [ RunTime:0.016001s ]
INFO: [ view_parse ] --END-- [ RunTime:0.016001s ]
INFO: [ view_filter ] --START--
INFO: Run Behavior\WriteHtmlCacheBehavior [ RunTime:0.001000s ]
INFO: [ view_filter ] --END-- [ RunTime:0.002000s ]
INFO: [ app_end ] --START--
INFO: Run Behavior\ShowPageTraceBehavior [ RunTime:0.001000s ]
INFO: [ app_end ] --END-- [ RunTime:0.001000s ]

[ 2018-06-18T11:31:58+08:00 ] 127.0.0.1 /Admin/Index/index.html
INFO: [ app_init ] --START--
INFO: Run Behavior\BuildLiteBehavior [ RunTime:0.000000s ]
INFO: [ app_init ] --END-- [ RunTime:0.001000s ]
INFO: [ app_begin ] --START--
INFO: Run Behavior\ReadHtmlCacheBehavior [ RunTime:0.002000s ]
INFO: [ app_begin ] --END-- [ RunTime:0.003000s ]
SQL: SHOW COLUMNS FROM `think_column` [ RunTime:0.0030s ]
SQL: SELECT * FROM `think_column`  [ RunTime:0.0020s ]
INFO: [ view_parse ] --START--
INFO: [ template_filter ] --START--
INFO: Run Behavior\ContentReplaceBehavior [ RunTime:0.000000s ]
INFO: [ template_filter ] --END-- [ RunTime:0.000000s ]
NOTIC: [8] Undefined index: column_id D:\wamp\apps\zhonglai\Application\Runtime\Cache\Admin\b595b808c2ebeeeb0478ffc30bb4e87a.php 第 441 行.
NOTIC: [8] Undefined index: depth_str D:\wamp\apps\zhonglai\Application\Runtime\Cache\Admin\b595b808c2ebeeeb0478ffc30bb4e87a.php 第 444 行.
NOTIC: [8] Undefined index: column_id D:\wamp\apps\zhonglai\Application\Runtime\Cache\Admin\b595b808c2ebeeeb0478ffc30bb4e87a.php 第 441 行.
NOTIC: [8] Undefined index: depth_str D:\wamp\apps\zhonglai\Application\Runtime\Cache\Admin\b595b808c2ebeeeb0478ffc30bb4e87a.php 第 444 行.
NOTIC: [8] Undefined index: column_id D:\wamp\apps\zhonglai\Application\Runtime\Cache\Admin\b595b808c2ebeeeb0478ffc30bb4e87a.php 第 441 行.
NOTIC: [8] Undefined index: depth_str D:\wamp\apps\zhonglai\Application\Runtime\Cache\Admin\b595b808c2ebeeeb0478ffc30bb4e87a.php 第 444 行.
NOTIC: [8] Undefined index: column_id D:\wamp\apps\zhonglai\Application\Runtime\Cache\Admin\b595b808c2ebeeeb0478ffc30bb4e87a.php 第 441 行.
NOTIC: [8] Undefined index: depth_str D:\wamp\apps\zhonglai\Application\Runtime\Cache\Admin\b595b808c2ebeeeb0478ffc30bb4e87a.php 第 444 行.
NOTIC: [8] Undefined index: column_id D:\wamp\apps\zhonglai\Application\Runtime\Cache\Admin\b595b808c2ebeeeb0478ffc30bb4e87a.php 第 441 行.
NOTIC: [8] Undefined index: depth_str D:\wamp\apps\zhonglai\Application\Runtime\Cache\Admin\b595b808c2ebeeeb0478ffc30bb4e87a.php 第 444 行.
NOTIC: [8] Undefined index: column_id D:\wamp\apps\zhonglai\Application\Runtime\Cache\Admin\b595b808c2ebeeeb0478ffc30bb4e87a.php 第 441 行.
NOTIC: [8] Undefined index: depth_str D:\wamp\apps\zhonglai\Application\Runtime\Cache\Admin\b595b808c2ebeeeb0478ffc30bb4e87a.php 第 444 行.
NOTIC: [8] Undefined index: column_id D:\wamp\apps\zhonglai\Application\Runtime\Cache\Admin\b595b808c2ebeeeb0478ffc30bb4e87a.php 第 441 行.
NOTIC: [8] Undefined index: depth_str D:\wamp\apps\zhonglai\Application\Runtime\Cache\Admin\b595b808c2ebeeeb0478ffc30bb4e87a.php 第 444 行.
NOTIC: [8] Undefined index: column_id D:\wamp\apps\zhonglai\Application\Runtime\Cache\Admin\b595b808c2ebeeeb0478ffc30bb4e87a.php 第 441 行.
NOTIC: [8] Undefined index: depth_str D:\wamp\apps\zhonglai\Application\Runtime\Cache\Admin\b595b808c2ebeeeb0478ffc30bb4e87a.php 第 444 行.
NOTIC: [8] Undefined index: column_id D:\wamp\apps\zhonglai\Application\Runtime\Cache\Admin\b595b808c2ebeeeb0478ffc30bb4e87a.php 第 441 行.
NOTIC: [8] Undefined index: depth_str D:\wamp\apps\zhonglai\Application\Runtime\Cache\Admin\b595b808c2ebeeeb0478ffc30bb4e87a.php 第 444 行.
NOTIC: [8] Undefined index: column_id D:\wamp\apps\zhonglai\Application\Runtime\Cache\Admin\b595b808c2ebeeeb0478ffc30bb4e87a.php 第 441 行.
NOTIC: [8] Undefined index: depth_str D:\wamp\apps\zhonglai\Application\Runtime\Cache\Admin\b595b808c2ebeeeb0478ffc30bb4e87a.php 第 444 行.
NOTIC: [8] Undefined index: column_id D:\wamp\apps\zhonglai\Application\Runtime\Cache\Admin\b595b808c2ebeeeb0478ffc30bb4e87a.php 第 441 行.
NOTIC: [8] Undefined index: depth_str D:\wamp\apps\zhonglai\Application\Runtime\Cache\Admin\b595b808c2ebeeeb0478ffc30bb4e87a.php 第 444 行.
NOTIC: [8] Undefined index: column_id D:\wamp\apps\zhonglai\Application\Runtime\Cache\Admin\b595b808c2ebeeeb0478ffc30bb4e87a.php 第 441 行.
NOTIC: [8] Undefined index: depth_str D:\wamp\apps\zhonglai\Application\Runtime\Cache\Admin\b595b808c2ebeeeb0478ffc30bb4e87a.php 第 444 行.
NOTIC: [8] Undefined index: column_id D:\wamp\apps\zhonglai\Application\Runtime\Cache\Admin\b595b808c2ebeeeb0478ffc30bb4e87a.php 第 441 行.
NOTIC: [8] Undefined index: depth_str D:\wamp\apps\zhonglai\Application\Runtime\Cache\Admin\b595b808c2ebeeeb0478ffc30bb4e87a.php 第 444 行.
NOTIC: [8] Undefined index: column_id D:\wamp\apps\zhonglai\Application\Runtime\Cache\Admin\b595b808c2ebeeeb0478ffc30bb4e87a.php 第 441 行.
NOTIC: [8] Undefined index: depth_str D:\wamp\apps\zhonglai\Application\Runtime\Cache\Admin\b595b808c2ebeeeb0478ffc30bb4e87a.php 第 444 行.
NOTIC: [8] Undefined index: column_id D:\wamp\apps\zhonglai\Application\Runtime\Cache\Admin\b595b808c2ebeeeb0478ffc30bb4e87a.php 第 441 行.
NOTIC: [8] Undefined index: depth_str D:\wamp\apps\zhonglai\Application\Runtime\Cache\Admin\b595b808c2ebeeeb0478ffc30bb4e87a.php 第 444 行.
NOTIC: [8] Undefined index: column_id D:\wamp\apps\zhonglai\Application\Runtime\Cache\Admin\b595b808c2ebeeeb0478ffc30bb4e87a.php 第 441 行.
NOTIC: [8] Undefined index: depth_str D:\wamp\apps\zhonglai\Application\Runtime\Cache\Admin\b595b808c2ebeeeb0478ffc30bb4e87a.php 第 444 行.
NOTIC: [8] Undefined index: column_id D:\wamp\apps\zhonglai\Application\Runtime\Cache\Admin\b595b808c2ebeeeb0478ffc30bb4e87a.php 第 441 行.
NOTIC: [8] Undefined index: depth_str D:\wamp\apps\zhonglai\Application\Runtime\Cache\Admin\b595b808c2ebeeeb0478ffc30bb4e87a.php 第 444 行.
NOTIC: [8] Undefined index: column_id D:\wamp\apps\zhonglai\Application\Runtime\Cache\Admin\b595b808c2ebeeeb0478ffc30bb4e87a.php 第 441 行.
NOTIC: [8] Undefined index: depth_str D:\wamp\apps\zhonglai\Application\Runtime\Cache\Admin\b595b808c2ebeeeb0478ffc30bb4e87a.php 第 444 行.
INFO: Run Behavior\ParseTemplateBehavior [ RunTime:0.098006s ]
INFO: [ view_parse ] --END-- [ RunTime:0.098006s ]
INFO: [ view_filter ] --START--
INFO: Run Behavior\WriteHtmlCacheBehavior [ RunTime:0.021001s ]
INFO: [ view_filter ] --END-- [ RunTime:0.022001s ]
INFO: [ app_end ] --START--
INFO: Run Behavior\ShowPageTraceBehavior [ RunTime:0.002000s ]
INFO: [ app_end ] --END-- [ RunTime:0.002000s ]

[ 2018-06-18T11:31:59+08:00 ] 127.0.0.1 /Admin/Index/favicon.ico
INFO: [ app_init ] --START--
INFO: Run Behavior\BuildLiteBehavior [ RunTime:0.000000s ]
INFO: [ app_init ] --END-- [ RunTime:0.002000s ]

[ 2018-06-18T11:32:01+08:00 ] 127.0.0.1 /Admin/Slide/index.html
INFO: [ app_init ] --START--
INFO: Run Behavior\BuildLiteBehavior [ RunTime:0.000000s ]
INFO: [ app_init ] --END-- [ RunTime:0.001000s ]
INFO: [ app_begin ] --START--
INFO: Run Behavior\ReadHtmlCacheBehavior [ RunTime:0.001000s ]
INFO: [ app_begin ] --END-- [ RunTime:0.001000s ]
SQL: SHOW COLUMNS FROM `think_column` [ RunTime:0.0040s ]
SQL: SELECT * FROM `think_column`  [ RunTime:0.0000s ]

[ 2018-06-18T11:32:01+08:00 ] 127.0.0.1 /Admin/Slide/lists.html
INFO: [ app_init ] --START--
INFO: Run Behavior\BuildLiteBehavior [ RunTime:0.000000s ]
INFO: [ app_init ] --END-- [ RunTime:0.001000s ]
INFO: [ app_begin ] --START--
INFO: Run Behavior\ReadHtmlCacheBehavior [ RunTime:0.001000s ]
INFO: [ app_begin ] --END-- [ RunTime:0.002000s ]
SQL: SHOW COLUMNS FROM `think_column` [ RunTime:0.0040s ]
SQL: SELECT * FROM `think_column`  [ RunTime:0.0010s ]
SQL: SHOW COLUMNS FROM `think_slide` [ RunTime:0.0040s ]
SQL: SELECT COUNT(*) AS tp_count FROM `think_slide` LIMIT 1   [ RunTime:0.0040s ]
SQL: SELECT * FROM `think_slide` ORDER BY id DESC LIMIT 0,25   [ RunTime:0.0020s ]
INFO: [ view_parse ] --START--
INFO: [ template_filter ] --START--
INFO: Run Behavior\ContentReplaceBehavior [ RunTime:0.001000s ]
INFO: [ template_filter ] --END-- [ RunTime:0.001000s ]
NOTIC: [8] Undefined index: column_id D:\wamp\apps\zhonglai\Application\Runtime\Cache\Admin\2f13cf4c81776aa66b2cd501450c0b42.php 第 441 行.
NOTIC: [8] Undefined index: depth_str D:\wamp\apps\zhonglai\Application\Runtime\Cache\Admin\2f13cf4c81776aa66b2cd501450c0b42.php 第 444 行.
NOTIC: [8] Undefined index: column_id D:\wamp\apps\zhonglai\Application\Runtime\Cache\Admin\2f13cf4c81776aa66b2cd501450c0b42.php 第 441 行.
NOTIC: [8] Undefined index: depth_str D:\wamp\apps\zhonglai\Application\Runtime\Cache\Admin\2f13cf4c81776aa66b2cd501450c0b42.php 第 444 行.
NOTIC: [8] Undefined index: column_id D:\wamp\apps\zhonglai\Application\Runtime\Cache\Admin\2f13cf4c81776aa66b2cd501450c0b42.php 第 441 行.
NOTIC: [8] Undefined index: depth_str D:\wamp\apps\zhonglai\Application\Runtime\Cache\Admin\2f13cf4c81776aa66b2cd501450c0b42.php 第 444 行.
NOTIC: [8] Undefined index: column_id D:\wamp\apps\zhonglai\Application\Runtime\Cache\Admin\2f13cf4c81776aa66b2cd501450c0b42.php 第 441 行.
NOTIC: [8] Undefined index: depth_str D:\wamp\apps\zhonglai\Application\Runtime\Cache\Admin\2f13cf4c81776aa66b2cd501450c0b42.php 第 444 行.
NOTIC: [8] Undefined index: column_id D:\wamp\apps\zhonglai\Application\Runtime\Cache\Admin\2f13cf4c81776aa66b2cd501450c0b42.php 第 441 行.
NOTIC: [8] Undefined index: depth_str D:\wamp\apps\zhonglai\Application\Runtime\Cache\Admin\2f13cf4c81776aa66b2cd501450c0b42.php 第 444 行.
NOTIC: [8] Undefined index: column_id D:\wamp\apps\zhonglai\Application\Runtime\Cache\Admin\2f13cf4c81776aa66b2cd501450c0b42.php 第 441 行.
NOTIC: [8] Undefined index: depth_str D:\wamp\apps\zhonglai\Application\Runtime\Cache\Admin\2f13cf4c81776aa66b2cd501450c0b42.php 第 444 行.
NOTIC: [8] Undefined index: column_id D:\wamp\apps\zhonglai\Application\Runtime\Cache\Admin\2f13cf4c81776aa66b2cd501450c0b42.php 第 441 行.
NOTIC: [8] Undefined index: depth_str D:\wamp\apps\zhonglai\Application\Runtime\Cache\Admin\2f13cf4c81776aa66b2cd501450c0b42.php 第 444 行.
NOTIC: [8] Undefined index: column_id D:\wamp\apps\zhonglai\Application\Runtime\Cache\Admin\2f13cf4c81776aa66b2cd501450c0b42.php 第 441 行.
NOTIC: [8] Undefined index: depth_str D:\wamp\apps\zhonglai\Application\Runtime\Cache\Admin\2f13cf4c81776aa66b2cd501450c0b42.php 第 444 行.
NOTIC: [8] Undefined index: column_id D:\wamp\apps\zhonglai\Application\Runtime\Cache\Admin\2f13cf4c81776aa66b2cd501450c0b42.php 第 441 行.
NOTIC: [8] Undefined index: depth_str D:\wamp\apps\zhonglai\Application\Runtime\Cache\Admin\2f13cf4c81776aa66b2cd501450c0b42.php 第 444 行.
NOTIC: [8] Undefined index: column_id D:\wamp\apps\zhonglai\Application\Runtime\Cache\Admin\2f13cf4c81776aa66b2cd501450c0b42.php 第 441 行.
NOTIC: [8] Undefined index: depth_str D:\wamp\apps\zhonglai\Application\Runtime\Cache\Admin\2f13cf4c81776aa66b2cd501450c0b42.php 第 444 行.
NOTIC: [8] Undefined index: column_id D:\wamp\apps\zhonglai\Application\Runtime\Cache\Admin\2f13cf4c81776aa66b2cd501450c0b42.php 第 441 行.
NOTIC: [8] Undefined index: depth_str D:\wamp\apps\zhonglai\Application\Runtime\Cache\Admin\2f13cf4c81776aa66b2cd501450c0b42.php 第 444 行.
NOTIC: [8] Undefined index: column_id D:\wamp\apps\zhonglai\Application\Runtime\Cache\Admin\2f13cf4c81776aa66b2cd501450c0b42.php 第 441 行.
NOTIC: [8] Undefined index: depth_str D:\wamp\apps\zhonglai\Application\Runtime\Cache\Admin\2f13cf4c81776aa66b2cd501450c0b42.php 第 444 行.
NOTIC: [8] Undefined index: column_id D:\wamp\apps\zhonglai\Application\Runtime\Cache\Admin\2f13cf4c81776aa66b2cd501450c0b42.php 第 441 行.
NOTIC: [8] Undefined index: depth_str D:\wamp\apps\zhonglai\Application\Runtime\Cache\Admin\2f13cf4c81776aa66b2cd501450c0b42.php 第 444 行.
NOTIC: [8] Undefined index: column_id D:\wamp\apps\zhonglai\Application\Runtime\Cache\Admin\2f13cf4c81776aa66b2cd501450c0b42.php 第 441 行.
NOTIC: [8] Undefined index: depth_str D:\wamp\apps\zhonglai\Application\Runtime\Cache\Admin\2f13cf4c81776aa66b2cd501450c0b42.php 第 444 行.
NOTIC: [8] Undefined index: column_id D:\wamp\apps\zhonglai\Application\Runtime\Cache\Admin\2f13cf4c81776aa66b2cd501450c0b42.php 第 441 行.
NOTIC: [8] Undefined index: depth_str D:\wamp\apps\zhonglai\Application\Runtime\Cache\Admin\2f13cf4c81776aa66b2cd501450c0b42.php 第 444 行.
NOTIC: [8] Undefined index: column_id D:\wamp\apps\zhonglai\Application\Runtime\Cache\Admin\2f13cf4c81776aa66b2cd501450c0b42.php 第 441 行.
NOTIC: [8] Undefined index: depth_str D:\wamp\apps\zhonglai\Application\Runtime\Cache\Admin\2f13cf4c81776aa66b2cd501450c0b42.php 第 444 行.
NOTIC: [8] Undefined index: column_id D:\wamp\apps\zhonglai\Application\Runtime\Cache\Admin\2f13cf4c81776aa66b2cd501450c0b42.php 第 441 行.
NOTIC: [8] Undefined index: depth_str D:\wamp\apps\zhonglai\Application\Runtime\Cache\Admin\2f13cf4c81776aa66b2cd501450c0b42.php 第 444 行.
NOTIC: [8] Undefined index: column_id D:\wamp\apps\zhonglai\Application\Runtime\Cache\Admin\2f13cf4c81776aa66b2cd501450c0b42.php 第 441 行.
NOTIC: [8] Undefined index: depth_str D:\wamp\apps\zhonglai\Application\Runtime\Cache\Admin\2f13cf4c81776aa66b2cd501450c0b42.php 第 444 行.
INFO: Run Behavior\ParseTemplateBehavior [ RunTime:0.156009s ]
INFO: [ view_parse ] --END-- [ RunTime:0.156009s ]
INFO: [ view_filter ] --START--
INFO: Run Behavior\WriteHtmlCacheBehavior [ RunTime:0.011000s ]
INFO: [ view_filter ] --END-- [ RunTime:0.011000s ]
INFO: [ app_end ] --START--
INFO: Run Behavior\ShowPageTraceBehavior [ RunTime:0.004000s ]
INFO: [ app_end ] --END-- [ RunTime:0.005000s ]

[ 2018-06-18T11:32:02+08:00 ] 127.0.0.1 /Admin/Slide/favicon.ico
INFO: [ app_init ] --START--
INFO: Run Behavior\BuildLiteBehavior [ RunTime:0.001000s ]
INFO: [ app_init ] --END-- [ RunTime:0.002000s ]

[ 2018-06-18T11:32:09+08:00 ] 127.0.0.1 /Admin/Slide/form/type/edit/id/3.html
INFO: [ app_init ] --START--
INFO: Run Behavior\BuildLiteBehavior [ RunTime:0.000000s ]
INFO: [ app_init ] --END-- [ RunTime:0.001000s ]
INFO: [ app_begin ] --START--
INFO: Run Behavior\ReadHtmlCacheBehavior [ RunTime:0.001000s ]
INFO: [ app_begin ] --END-- [ RunTime:0.001000s ]
SQL: SHOW COLUMNS FROM `think_column` [ RunTime:0.0040s ]
SQL: SELECT * FROM `think_column`  [ RunTime:0.0010s ]
SQL: SHOW COLUMNS FROM `think_slide` [ RunTime:0.0020s ]
SQL: SELECT * FROM `think_slide` WHERE ( id=3 ) LIMIT 1   [ RunTime:0.0010s ]
INFO: [ view_parse ] --START--
INFO: [ template_filter ] --START--
INFO: Run Behavior\ContentReplaceBehavior [ RunTime:0.001001s ]
INFO: [ template_filter ] --END-- [ RunTime:0.001001s ]
NOTIC: [8] Undefined index: column_id D:\wamp\apps\zhonglai\Application\Runtime\Cache\Admin\9cff14707f6ce3cdaf0f4353c5e820b8.php 第 449 行.
NOTIC: [8] Undefined index: depth_str D:\wamp\apps\zhonglai\Application\Runtime\Cache\Admin\9cff14707f6ce3cdaf0f4353c5e820b8.php 第 452 行.
NOTIC: [8] Undefined index: column_id D:\wamp\apps\zhonglai\Application\Runtime\Cache\Admin\9cff14707f6ce3cdaf0f4353c5e820b8.php 第 449 行.
NOTIC: [8] Undefined index: depth_str D:\wamp\apps\zhonglai\Application\Runtime\Cache\Admin\9cff14707f6ce3cdaf0f4353c5e820b8.php 第 452 行.
NOTIC: [8] Undefined index: column_id D:\wamp\apps\zhonglai\Application\Runtime\Cache\Admin\9cff14707f6ce3cdaf0f4353c5e820b8.php 第 449 行.
NOTIC: [8] Undefined index: depth_str D:\wamp\apps\zhonglai\Application\Runtime\Cache\Admin\9cff14707f6ce3cdaf0f4353c5e820b8.php 第 452 行.
NOTIC: [8] Undefined index: column_id D:\wamp\apps\zhonglai\Application\Runtime\Cache\Admin\9cff14707f6ce3cdaf0f4353c5e820b8.php 第 449 行.
NOTIC: [8] Undefined index: depth_str D:\wamp\apps\zhonglai\Application\Runtime\Cache\Admin\9cff14707f6ce3cdaf0f4353c5e820b8.php 第 452 行.
NOTIC: [8] Undefined index: column_id D:\wamp\apps\zhonglai\Application\Runtime\Cache\Admin\9cff14707f6ce3cdaf0f4353c5e820b8.php 第 449 行.
NOTIC: [8] Undefined index: depth_str D:\wamp\apps\zhonglai\Application\Runtime\Cache\Admin\9cff14707f6ce3cdaf0f4353c5e820b8.php 第 452 行.
NOTIC: [8] Undefined index: column_id D:\wamp\apps\zhonglai\Application\Runtime\Cache\Admin\9cff14707f6ce3cdaf0f4353c5e820b8.php 第 449 行.
NOTIC: [8] Undefined index: depth_str D:\wamp\apps\zhonglai\Application\Runtime\Cache\Admin\9cff14707f6ce3cdaf0f4353c5e820b8.php 第 452 行.
NOTIC: [8] Undefined index: column_id D:\wamp\apps\zhonglai\Application\Runtime\Cache\Admin\9cff14707f6ce3cdaf0f4353c5e820b8.php 第 449 行.
NOTIC: [8] Undefined index: depth_str D:\wamp\apps\zhonglai\Application\Runtime\Cache\Admin\9cff14707f6ce3cdaf0f4353c5e820b8.php 第 452 行.
NOTIC: [8] Undefined index: column_id D:\wamp\apps\zhonglai\Application\Runtime\Cache\Admin\9cff14707f6ce3cdaf0f4353c5e820b8.php 第 449 行.
NOTIC: [8] Undefined index: depth_str D:\wamp\apps\zhonglai\Application\Runtime\Cache\Admin\9cff14707f6ce3cdaf0f4353c5e820b8.php 第 452 行.
NOTIC: [8] Undefined index: column_id D:\wamp\apps\zhonglai\Application\Runtime\Cache\Admin\9cff14707f6ce3cdaf0f4353c5e820b8.php 第 449 行.
NOTIC: [8] Undefined index: depth_str D:\wamp\apps\zhonglai\Application\Runtime\Cache\Admin\9cff14707f6ce3cdaf0f4353c5e820b8.php 第 452 行.
NOTIC: [8] Undefined index: column_id D:\wamp\apps\zhonglai\Application\Runtime\Cache\Admin\9cff14707f6ce3cdaf0f4353c5e820b8.php 第 449 行.
NOTIC: [8] Undefined index: depth_str D:\wamp\apps\zhonglai\Application\Runtime\Cache\Admin\9cff14707f6ce3cdaf0f4353c5e820b8.php 第 452 行.
NOTIC: [8] Undefined index: column_id D:\wamp\apps\zhonglai\Application\Runtime\Cache\Admin\9cff14707f6ce3cdaf0f4353c5e820b8.php 第 449 行.
NOTIC: [8] Undefined index: depth_str D:\wamp\apps\zhonglai\Application\Runtime\Cache\Admin\9cff14707f6ce3cdaf0f4353c5e820b8.php 第 452 行.
NOTIC: [8] Undefined index: column_id D:\wamp\apps\zhonglai\Application\Runtime\Cache\Admin\9cff14707f6ce3cdaf0f4353c5e820b8.php 第 449 行.
NOTIC: [8] Undefined index: depth_str D:\wamp\apps\zhonglai\Application\Runtime\Cache\Admin\9cff14707f6ce3cdaf0f4353c5e820b8.php 第 452 行.
NOTIC: [8] Undefined index: column_id D:\wamp\apps\zhonglai\Application\Runtime\Cache\Admin\9cff14707f6ce3cdaf0f4353c5e820b8.php 第 449 行.
NOTIC: [8] Undefined index: depth_str D:\wamp\apps\zhonglai\Application\Runtime\Cache\Admin\9cff14707f6ce3cdaf0f4353c5e820b8.php 第 452 行.
NOTIC: [8] Undefined index: column_id D:\wamp\apps\zhonglai\Application\Runtime\Cache\Admin\9cff14707f6ce3cdaf0f4353c5e820b8.php 第 449 行.
NOTIC: [8] Undefined index: depth_str D:\wamp\apps\zhonglai\Application\Runtime\Cache\Admin\9cff14707f6ce3cdaf0f4353c5e820b8.php 第 452 行.
NOTIC: [8] Undefined index: column_id D:\wamp\apps\zhonglai\Application\Runtime\Cache\Admin\9cff14707f6ce3cdaf0f4353c5e820b8.php 第 449 行.
NOTIC: [8] Undefined index: depth_str D:\wamp\apps\zhonglai\Application\Runtime\Cache\Admin\9cff14707f6ce3cdaf0f4353c5e820b8.php 第 452 行.
NOTIC: [8] Undefined index: column_id D:\wamp\apps\zhonglai\Application\Runtime\Cache\Admin\9cff14707f6ce3cdaf0f4353c5e820b8.php 第 449 行.
NOTIC: [8] Undefined index: depth_str D:\wamp\apps\zhonglai\Application\Runtime\Cache\Admin\9cff14707f6ce3cdaf0f4353c5e820b8.php 第 452 行.
NOTIC: [8] Undefined index: column_id D:\wamp\apps\zhonglai\Application\Runtime\Cache\Admin\9cff14707f6ce3cdaf0f4353c5e820b8.php 第 449 行.
NOTIC: [8] Undefined index: depth_str D:\wamp\apps\zhonglai\Application\Runtime\Cache\Admin\9cff14707f6ce3cdaf0f4353c5e820b8.php 第 452 行.
NOTIC: [8] Undefined index: column_id D:\wamp\apps\zhonglai\Application\Runtime\Cache\Admin\9cff14707f6ce3cdaf0f4353c5e820b8.php 第 449 行.
NOTIC: [8] Undefined index: depth_str D:\wamp\apps\zhonglai\Application\Runtime\Cache\Admin\9cff14707f6ce3cdaf0f4353c5e820b8.php 第 452 行.
INFO: Run Behavior\ParseTemplateBehavior [ RunTime:0.109006s ]
INFO: [ view_parse ] --END-- [ RunTime:0.109006s ]
INFO: [ view_filter ] --START--
INFO: Run Behavior\WriteHtmlCacheBehavior [ RunTime:0.002000s ]
INFO: [ view_filter ] --END-- [ RunTime:0.003000s ]
INFO: [ app_end ] --START--
INFO: Run Behavior\ShowPageTraceBehavior [ RunTime:0.006000s ]
INFO: [ app_end ] --END-- [ RunTime:0.008001s ]

[ 2018-06-18T11:32:14+08:00 ] 127.0.0.1 /Admin/Slide/form/type/edit/id/1.html
INFO: [ app_init ] --START--
INFO: Run Behavior\BuildLiteBehavior [ RunTime:0.000000s ]
INFO: [ app_init ] --END-- [ RunTime:0.001000s ]
INFO: [ app_begin ] --START--
INFO: Run Behavior\ReadHtmlCacheBehavior [ RunTime:0.001000s ]
INFO: [ app_begin ] --END-- [ RunTime:0.001000s ]
SQL: SHOW COLUMNS FROM `think_column` [ RunTime:0.0030s ]
SQL: SELECT * FROM `think_column`  [ RunTime:0.0010s ]
SQL: SHOW COLUMNS FROM `think_slide` [ RunTime:0.0040s ]
SQL: SELECT * FROM `think_slide` WHERE ( id=1 ) LIMIT 1   [ RunTime:0.0000s ]
INFO: [ view_parse ] --START--
INFO: [ template_filter ] --START--
INFO: Run Behavior\ContentReplaceBehavior [ RunTime:0.000000s ]
INFO: [ template_filter ] --END-- [ RunTime:0.000000s ]
NOTIC: [8] Undefined index: column_id D:\wamp\apps\zhonglai\Application\Runtime\Cache\Admin\9cff14707f6ce3cdaf0f4353c5e820b8.php 第 449 行.
NOTIC: [8] Undefined index: depth_str D:\wamp\apps\zhonglai\Application\Runtime\Cache\Admin\9cff14707f6ce3cdaf0f4353c5e820b8.php 第 452 行.
NOTIC: [8] Undefined index: column_id D:\wamp\apps\zhonglai\Application\Runtime\Cache\Admin\9cff14707f6ce3cdaf0f4353c5e820b8.php 第 449 行.
NOTIC: [8] Undefined index: depth_str D:\wamp\apps\zhonglai\Application\Runtime\Cache\Admin\9cff14707f6ce3cdaf0f4353c5e820b8.php 第 452 行.
NOTIC: [8] Undefined index: column_id D:\wamp\apps\zhonglai\Application\Runtime\Cache\Admin\9cff14707f6ce3cdaf0f4353c5e820b8.php 第 449 行.
NOTIC: [8] Undefined index: depth_str D:\wamp\apps\zhonglai\Application\Runtime\Cache\Admin\9cff14707f6ce3cdaf0f4353c5e820b8.php 第 452 行.
NOTIC: [8] Undefined index: column_id D:\wamp\apps\zhonglai\Application\Runtime\Cache\Admin\9cff14707f6ce3cdaf0f4353c5e820b8.php 第 449 行.
NOTIC: [8] Undefined index: depth_str D:\wamp\apps\zhonglai\Application\Runtime\Cache\Admin\9cff14707f6ce3cdaf0f4353c5e820b8.php 第 452 行.
NOTIC: [8] Undefined index: column_id D:\wamp\apps\zhonglai\Application\Runtime\Cache\Admin\9cff14707f6ce3cdaf0f4353c5e820b8.php 第 449 行.
NOTIC: [8] Undefined index: depth_str D:\wamp\apps\zhonglai\Application\Runtime\Cache\Admin\9cff14707f6ce3cdaf0f4353c5e820b8.php 第 452 行.
NOTIC: [8] Undefined index: column_id D:\wamp\apps\zhonglai\Application\Runtime\Cache\Admin\9cff14707f6ce3cdaf0f4353c5e820b8.php 第 449 行.
NOTIC: [8] Undefined index: depth_str D:\wamp\apps\zhonglai\Application\Runtime\Cache\Admin\9cff14707f6ce3cdaf0f4353c5e820b8.php 第 452 行.
NOTIC: [8] Undefined index: column_id D:\wamp\apps\zhonglai\Application\Runtime\Cache\Admin\9cff14707f6ce3cdaf0f4353c5e820b8.php 第 449 行.
NOTIC: [8] Undefined index: depth_str D:\wamp\apps\zhonglai\Application\Runtime\Cache\Admin\9cff14707f6ce3cdaf0f4353c5e820b8.php 第 452 行.
NOTIC: [8] Undefined index: column_id D:\wamp\apps\zhonglai\Application\Runtime\Cache\Admin\9cff14707f6ce3cdaf0f4353c5e820b8.php 第 449 行.
NOTIC: [8] Undefined index: depth_str D:\wamp\apps\zhonglai\Application\Runtime\Cache\Admin\9cff14707f6ce3cdaf0f4353c5e820b8.php 第 452 行.
NOTIC: [8] Undefined index: column_id D:\wamp\apps\zhonglai\Application\Runtime\Cache\Admin\9cff14707f6ce3cdaf0f4353c5e820b8.php 第 449 行.
NOTIC: [8] Undefined index: depth_str D:\wamp\apps\zhonglai\Application\Runtime\Cache\Admin\9cff14707f6ce3cdaf0f4353c5e820b8.php 第 452 行.
NOTIC: [8] Undefined index: column_id D:\wamp\apps\zhonglai\Application\Runtime\Cache\Admin\9cff14707f6ce3cdaf0f4353c5e820b8.php 第 449 行.
NOTIC: [8] Undefined index: depth_str D:\wamp\apps\zhonglai\Application\Runtime\Cache\Admin\9cff14707f6ce3cdaf0f4353c5e820b8.php 第 452 行.
NOTIC: [8] Undefined index: column_id D:\wamp\apps\zhonglai\Application\Runtime\Cache\Admin\9cff14707f6ce3cdaf0f4353c5e820b8.php 第 449 行.
NOTIC: [8] Undefined index: depth_str D:\wamp\apps\zhonglai\Application\Runtime\Cache\Admin\9cff14707f6ce3cdaf0f4353c5e820b8.php 第 452 行.
NOTIC: [8] Undefined index: column_id D:\wamp\apps\zhonglai\Application\Runtime\Cache\Admin\9cff14707f6ce3cdaf0f4353c5e820b8.php 第 449 行.
NOTIC: [8] Undefined index: depth_str D:\wamp\apps\zhonglai\Application\Runtime\Cache\Admin\9cff14707f6ce3cdaf0f4353c5e820b8.php 第 452 行.
NOTIC: [8] Undefined index: column_id D:\wamp\apps\zhonglai\Application\Runtime\Cache\Admin\9cff14707f6ce3cdaf0f4353c5e820b8.php 第 449 行.
NOTIC: [8] Undefined index: depth_str D:\wamp\apps\zhonglai\Application\Runtime\Cache\Admin\9cff14707f6ce3cdaf0f4353c5e820b8.php 第 452 行.
NOTIC: [8] Undefined index: column_id D:\wamp\apps\zhonglai\Application\Runtime\Cache\Admin\9cff14707f6ce3cdaf0f4353c5e820b8.php 第 449 行.
NOTIC: [8] Undefined index: depth_str D:\wamp\apps\zhonglai\Application\Runtime\Cache\Admin\9cff14707f6ce3cdaf0f4353c5e820b8.php 第 452 行.
NOTIC: [8] Undefined index: column_id D:\wamp\apps\zhonglai\Application\Runtime\Cache\Admin\9cff14707f6ce3cdaf0f4353c5e820b8.php 第 449 行.
NOTIC: [8] Undefined index: depth_str D:\wamp\apps\zhonglai\Application\Runtime\Cache\Admin\9cff14707f6ce3cdaf0f4353c5e820b8.php 第 452 行.
NOTIC: [8] Undefined index: column_id D:\wamp\apps\zhonglai\Application\Runtime\Cache\Admin\9cff14707f6ce3cdaf0f4353c5e820b8.php 第 449 行.
NOTIC: [8] Undefined index: depth_str D:\wamp\apps\zhonglai\Application\Runtime\Cache\Admin\9cff14707f6ce3cdaf0f4353c5e820b8.php 第 452 行.
NOTIC: [8] Undefined index: column_id D:\wamp\apps\zhonglai\Application\Runtime\Cache\Admin\9cff14707f6ce3cdaf0f4353c5e820b8.php 第 449 行.
NOTIC: [8] Undefined index: depth_str D:\wamp\apps\zhonglai\Application\Runtime\Cache\Admin\9cff14707f6ce3cdaf0f4353c5e820b8.php 第 452 行.
NOTIC: [8] Undefined index: column_id D:\wamp\apps\zhonglai\Application\Runtime\Cache\Admin\9cff14707f6ce3cdaf0f4353c5e820b8.php 第 449 行.
NOTIC: [8] Undefined index: depth_str D:\wamp\apps\zhonglai\Application\Runtime\Cache\Admin\9cff14707f6ce3cdaf0f4353c5e820b8.php 第 452 行.
INFO: Run Behavior\ParseTemplateBehavior [ RunTime:0.144008s ]
INFO: [ view_parse ] --END-- [ RunTime:0.145009s ]
INFO: [ view_filter ] --START--
INFO: Run Behavior\WriteHtmlCacheBehavior [ RunTime:0.001000s ]
INFO: [ view_filter ] --END-- [ RunTime:0.002000s ]
INFO: [ app_end ] --START--
INFO: Run Behavior\ShowPageTraceBehavior [ RunTime:0.002000s ]
INFO: [ app_end ] --END-- [ RunTime:0.002000s ]

[ 2018-06-18T11:32:15+08:00 ] 127.0.0.1 /Admin/Slide/form/type/edit/id/favicon.ico
INFO: [ app_init ] --START--
INFO: Run Behavior\BuildLiteBehavior [ RunTime:0.000000s ]
INFO: [ app_init ] --END-- [ RunTime:0.001001s ]

[ 2018-06-18T11:32:37+08:00 ] 127.0.0.1 /Admin/Slide/post/type/edit.html
INFO: [ app_init ] --START--
INFO: Run Behavior\BuildLiteBehavior [ RunTime:0.000000s ]
INFO: [ app_init ] --END-- [ RunTime:0.001000s ]
INFO: [ app_begin ] --START--
INFO: Run Behavior\ReadHtmlCacheBehavior [ RunTime:0.001000s ]
INFO: [ app_begin ] --END-- [ RunTime:0.001000s ]
SQL: SHOW COLUMNS FROM `think_column` [ RunTime:0.0020s ]
SQL: SELECT * FROM `think_column`  [ RunTime:0.0010s ]
SQL: SHOW COLUMNS FROM `think_slide` [ RunTime:0.0030s ]
NOTIC: [2] call_user_func() expects parameter 1 to be a valid callback, no array or string given D:\wamp\apps\zhonglai\ThinkPHP\Library\Think\Upload.class.php 第 170 行.
SQL: SELECT `pic` FROM `think_slide` WHERE ( id=1 ) LIMIT 1   [ RunTime:0.0010s ]
NOTIC: [2] unlink(./Uploads/2017-05-18/591d9c1d7c385.jpg): No such file or directory D:\wamp\apps\zhonglai\Application\Admin\Controller\SlideController.class.php 第 69 行.
SQL: UPDATE `think_slide` SET `title`='幻灯1',`url`='',`pic`='2018-06-18/5b2727d5dc757.jpg' WHERE `id` = 1 [ RunTime:0.0020s ]
INFO: [ view_parse ] --START--
INFO: [ template_filter ] --START--
INFO: Run Behavior\ContentReplaceBehavior [ RunTime:0.000000s ]
INFO: [ template_filter ] --END-- [ RunTime:0.000000s ]
INFO: Run Behavior\ParseTemplateBehavior [ RunTime:0.019001s ]
INFO: [ view_parse ] --END-- [ RunTime:0.019001s ]
INFO: [ view_filter ] --START--
INFO: Run Behavior\WriteHtmlCacheBehavior [ RunTime:0.003000s ]
INFO: [ view_filter ] --END-- [ RunTime:0.003000s ]
INFO: [ app_end ] --START--
INFO: Run Behavior\ShowPageTraceBehavior [ RunTime:0.003000s ]
INFO: [ app_end ] --END-- [ RunTime:0.003000s ]

[ 2018-06-18T11:32:39+08:00 ] 127.0.0.1 /Admin/Slide/form/type/edit/id/1.html
INFO: [ app_init ] --START--
INFO: Run Behavior\BuildLiteBehavior [ RunTime:0.000000s ]
INFO: [ app_init ] --END-- [ RunTime:0.001000s ]
INFO: [ app_begin ] --START--
INFO: Run Behavior\ReadHtmlCacheBehavior [ RunTime:0.003000s ]
INFO: [ app_begin ] --END-- [ RunTime:0.003000s ]
SQL: SHOW COLUMNS FROM `think_column` [ RunTime:0.0040s ]
SQL: SELECT * FROM `think_column`  [ RunTime:0.0020s ]
SQL: SHOW COLUMNS FROM `think_slide` [ RunTime:0.0050s ]
SQL: SELECT * FROM `think_slide` WHERE ( id=1 ) LIMIT 1   [ RunTime:0.0010s ]
INFO: [ view_parse ] --START--
INFO: [ template_filter ] --START--
INFO: Run Behavior\ContentReplaceBehavior [ RunTime:0.000000s ]
INFO: [ template_filter ] --END-- [ RunTime:0.001000s ]
NOTIC: [8] Undefined index: column_id D:\wamp\apps\zhonglai\Application\Runtime\Cache\Admin\9cff14707f6ce3cdaf0f4353c5e820b8.php 第 449 行.
NOTIC: [8] Undefined index: depth_str D:\wamp\apps\zhonglai\Application\Runtime\Cache\Admin\9cff14707f6ce3cdaf0f4353c5e820b8.php 第 452 行.
NOTIC: [8] Undefined index: column_id D:\wamp\apps\zhonglai\Application\Runtime\Cache\Admin\9cff14707f6ce3cdaf0f4353c5e820b8.php 第 449 行.
NOTIC: [8] Undefined index: depth_str D:\wamp\apps\zhonglai\Application\Runtime\Cache\Admin\9cff14707f6ce3cdaf0f4353c5e820b8.php 第 452 行.
NOTIC: [8] Undefined index: column_id D:\wamp\apps\zhonglai\Application\Runtime\Cache\Admin\9cff14707f6ce3cdaf0f4353c5e820b8.php 第 449 行.
NOTIC: [8] Undefined index: depth_str D:\wamp\apps\zhonglai\Application\Runtime\Cache\Admin\9cff14707f6ce3cdaf0f4353c5e820b8.php 第 452 行.
NOTIC: [8] Undefined index: column_id D:\wamp\apps\zhonglai\Application\Runtime\Cache\Admin\9cff14707f6ce3cdaf0f4353c5e820b8.php 第 449 行.
NOTIC: [8] Undefined index: depth_str D:\wamp\apps\zhonglai\Application\Runtime\Cache\Admin\9cff14707f6ce3cdaf0f4353c5e820b8.php 第 452 行.
NOTIC: [8] Undefined index: column_id D:\wamp\apps\zhonglai\Application\Runtime\Cache\Admin\9cff14707f6ce3cdaf0f4353c5e820b8.php 第 449 行.
NOTIC: [8] Undefined index: depth_str D:\wamp\apps\zhonglai\Application\Runtime\Cache\Admin\9cff14707f6ce3cdaf0f4353c5e820b8.php 第 452 行.
NOTIC: [8] Undefined index: column_id D:\wamp\apps\zhonglai\Application\Runtime\Cache\Admin\9cff14707f6ce3cdaf0f4353c5e820b8.php 第 449 行.
NOTIC: [8] Undefined index: depth_str D:\wamp\apps\zhonglai\Application\Runtime\Cache\Admin\9cff14707f6ce3cdaf0f4353c5e820b8.php 第 452 行.
NOTIC: [8] Undefined index: column_id D:\wamp\apps\zhonglai\Application\Runtime\Cache\Admin\9cff14707f6ce3cdaf0f4353c5e820b8.php 第 449 行.
NOTIC: [8] Undefined index: depth_str D:\wamp\apps\zhonglai\Application\Runtime\Cache\Admin\9cff14707f6ce3cdaf0f4353c5e820b8.php 第 452 行.
NOTIC: [8] Undefined index: column_id D:\wamp\apps\zhonglai\Application\Runtime\Cache\Admin\9cff14707f6ce3cdaf0f4353c5e820b8.php 第 449 行.
NOTIC: [8] Undefined index: depth_str D:\wamp\apps\zhonglai\Application\Runtime\Cache\Admin\9cff14707f6ce3cdaf0f4353c5e820b8.php 第 452 行.
NOTIC: [8] Undefined index: column_id D:\wamp\apps\zhonglai\Application\Runtime\Cache\Admin\9cff14707f6ce3cdaf0f4353c5e820b8.php 第 449 行.
NOTIC: [8] Undefined index: depth_str D:\wamp\apps\zhonglai\Application\Runtime\Cache\Admin\9cff14707f6ce3cdaf0f4353c5e820b8.php 第 452 行.
NOTIC: [8] Undefined index: column_id D:\wamp\apps\zhonglai\Application\Runtime\Cache\Admin\9cff14707f6ce3cdaf0f4353c5e820b8.php 第 449 行.
NOTIC: [8] Undefined index: depth_str D:\wamp\apps\zhonglai\Application\Runtime\Cache\Admin\9cff14707f6ce3cdaf0f4353c5e820b8.php 第 452 行.
NOTIC: [8] Undefined index: column_id D:\wamp\apps\zhonglai\Application\Runtime\Cache\Admin\9cff14707f6ce3cdaf0f4353c5e820b8.php 第 449 行.
NOTIC: [8] Undefined index: depth_str D:\wamp\apps\zhonglai\Application\Runtime\Cache\Admin\9cff14707f6ce3cdaf0f4353c5e820b8.php 第 452 行.
NOTIC: [8] Undefined index: column_id D:\wamp\apps\zhonglai\Application\Runtime\Cache\Admin\9cff14707f6ce3cdaf0f4353c5e820b8.php 第 449 行.
NOTIC: [8] Undefined index: depth_str D:\wamp\apps\zhonglai\Application\Runtime\Cache\Admin\9cff14707f6ce3cdaf0f4353c5e820b8.php 第 452 行.
NOTIC: [8] Undefined index: column_id D:\wamp\apps\zhonglai\Application\Runtime\Cache\Admin\9cff14707f6ce3cdaf0f4353c5e820b8.php 第 449 行.
NOTIC: [8] Undefined index: depth_str D:\wamp\apps\zhonglai\Application\Runtime\Cache\Admin\9cff14707f6ce3cdaf0f4353c5e820b8.php 第 452 行.
NOTIC: [8] Undefined index: column_id D:\wamp\apps\zhonglai\Application\Runtime\Cache\Admin\9cff14707f6ce3cdaf0f4353c5e820b8.php 第 449 行.
NOTIC: [8] Undefined index: depth_str D:\wamp\apps\zhonglai\Application\Runtime\Cache\Admin\9cff14707f6ce3cdaf0f4353c5e820b8.php 第 452 行.
NOTIC: [8] Undefined index: column_id D:\wamp\apps\zhonglai\Application\Runtime\Cache\Admin\9cff14707f6ce3cdaf0f4353c5e820b8.php 第 449 行.
NOTIC: [8] Undefined index: depth_str D:\wamp\apps\zhonglai\Application\Runtime\Cache\Admin\9cff14707f6ce3cdaf0f4353c5e820b8.php 第 452 行.
NOTIC: [8] Undefined index: column_id D:\wamp\apps\zhonglai\Application\Runtime\Cache\Admin\9cff14707f6ce3cdaf0f4353c5e820b8.php 第 449 行.
NOTIC: [8] Undefined index: depth_str D:\wamp\apps\zhonglai\Application\Runtime\Cache\Admin\9cff14707f6ce3cdaf0f4353c5e820b8.php 第 452 行.
NOTIC: [8] Undefined index: column_id D:\wamp\apps\zhonglai\Application\Runtime\Cache\Admin\9cff14707f6ce3cdaf0f4353c5e820b8.php 第 449 行.
NOTIC: [8] Undefined index: depth_str D:\wamp\apps\zhonglai\Application\Runtime\Cache\Admin\9cff14707f6ce3cdaf0f4353c5e820b8.php 第 452 行.
NOTIC: [8] Undefined index: column_id D:\wamp\apps\zhonglai\Application\Runtime\Cache\Admin\9cff14707f6ce3cdaf0f4353c5e820b8.php 第 449 行.
NOTIC: [8] Undefined index: depth_str D:\wamp\apps\zhonglai\Application\Runtime\Cache\Admin\9cff14707f6ce3cdaf0f4353c5e820b8.php 第 452 行.
INFO: Run Behavior\ParseTemplateBehavior [ RunTime:0.153009s ]
INFO: [ view_parse ] --END-- [ RunTime:0.153009s ]
INFO: [ view_filter ] --START--
INFO: Run Behavior\WriteHtmlCacheBehavior [ RunTime:0.004000s ]
INFO: [ view_filter ] --END-- [ RunTime:0.005000s ]
INFO: [ app_end ] --START--
INFO: Run Behavior\ShowPageTraceBehavior [ RunTime:0.003000s ]
INFO: [ app_end ] --END-- [ RunTime:0.005000s ]

[ 2018-06-18T11:32:44+08:00 ] 127.0.0.1 /Admin/Slide/index.html
INFO: [ app_init ] --START--
INFO: Run Behavior\BuildLiteBehavior [ RunTime:0.001000s ]
INFO: [ app_init ] --END-- [ RunTime:0.002001s ]
INFO: [ app_begin ] --START--
INFO: Run Behavior\ReadHtmlCacheBehavior [ RunTime:0.003000s ]
INFO: [ app_begin ] --END-- [ RunTime:0.003000s ]
SQL: SHOW COLUMNS FROM `think_column` [ RunTime:0.0050s ]
SQL: SELECT * FROM `think_column`  [ RunTime:0.0010s ]

[ 2018-06-18T11:32:45+08:00 ] 127.0.0.1 /Admin/Slide/lists.html
INFO: [ app_init ] --START--
INFO: Run Behavior\BuildLiteBehavior [ RunTime:0.000000s ]
INFO: [ app_init ] --END-- [ RunTime:0.002000s ]
INFO: [ app_begin ] --START--
INFO: Run Behavior\ReadHtmlCacheBehavior [ RunTime:0.003000s ]
INFO: [ app_begin ] --END-- [ RunTime:0.004000s ]
SQL: SHOW COLUMNS FROM `think_column` [ RunTime:0.0040s ]
SQL: SELECT * FROM `think_column`  [ RunTime:0.0010s ]
SQL: SHOW COLUMNS FROM `think_slide` [ RunTime:0.0050s ]
SQL: SELECT COUNT(*) AS tp_count FROM `think_slide` LIMIT 1   [ RunTime:0.0010s ]
SQL: SELECT * FROM `think_slide` ORDER BY id DESC LIMIT 0,25   [ RunTime:0.0020s ]
INFO: [ view_parse ] --START--
INFO: [ template_filter ] --START--
INFO: Run Behavior\ContentReplaceBehavior [ RunTime:0.003000s ]
INFO: [ template_filter ] --END-- [ RunTime:0.006000s ]
NOTIC: [8] Undefined index: column_id D:\wamp\apps\zhonglai\Application\Runtime\Cache\Admin\2f13cf4c81776aa66b2cd501450c0b42.php 第 441 行.
NOTIC: [8] Undefined index: depth_str D:\wamp\apps\zhonglai\Application\Runtime\Cache\Admin\2f13cf4c81776aa66b2cd501450c0b42.php 第 444 行.
NOTIC: [8] Undefined index: column_id D:\wamp\apps\zhonglai\Application\Runtime\Cache\Admin\2f13cf4c81776aa66b2cd501450c0b42.php 第 441 行.
NOTIC: [8] Undefined index: depth_str D:\wamp\apps\zhonglai\Application\Runtime\Cache\Admin\2f13cf4c81776aa66b2cd501450c0b42.php 第 444 行.
NOTIC: [8] Undefined index: column_id D:\wamp\apps\zhonglai\Application\Runtime\Cache\Admin\2f13cf4c81776aa66b2cd501450c0b42.php 第 441 行.
NOTIC: [8] Undefined index: depth_str D:\wamp\apps\zhonglai\Application\Runtime\Cache\Admin\2f13cf4c81776aa66b2cd501450c0b42.php 第 444 行.
NOTIC: [8] Undefined index: column_id D:\wamp\apps\zhonglai\Application\Runtime\Cache\Admin\2f13cf4c81776aa66b2cd501450c0b42.php 第 441 行.
NOTIC: [8] Undefined index: depth_str D:\wamp\apps\zhonglai\Application\Runtime\Cache\Admin\2f13cf4c81776aa66b2cd501450c0b42.php 第 444 行.
NOTIC: [8] Undefined index: column_id D:\wamp\apps\zhonglai\Application\Runtime\Cache\Admin\2f13cf4c81776aa66b2cd501450c0b42.php 第 441 行.
NOTIC: [8] Undefined index: depth_str D:\wamp\apps\zhonglai\Application\Runtime\Cache\Admin\2f13cf4c81776aa66b2cd501450c0b42.php 第 444 行.
NOTIC: [8] Undefined index: column_id D:\wamp\apps\zhonglai\Application\Runtime\Cache\Admin\2f13cf4c81776aa66b2cd501450c0b42.php 第 441 行.
NOTIC: [8] Undefined index: depth_str D:\wamp\apps\zhonglai\Application\Runtime\Cache\Admin\2f13cf4c81776aa66b2cd501450c0b42.php 第 444 行.
NOTIC: [8] Undefined index: column_id D:\wamp\apps\zhonglai\Application\Runtime\Cache\Admin\2f13cf4c81776aa66b2cd501450c0b42.php 第 441 行.
NOTIC: [8] Undefined index: depth_str D:\wamp\apps\zhonglai\Application\Runtime\Cache\Admin\2f13cf4c81776aa66b2cd501450c0b42.php 第 444 行.
NOTIC: [8] Undefined index: column_id D:\wamp\apps\zhonglai\Application\Runtime\Cache\Admin\2f13cf4c81776aa66b2cd501450c0b42.php 第 441 行.
NOTIC: [8] Undefined index: depth_str D:\wamp\apps\zhonglai\Application\Runtime\Cache\Admin\2f13cf4c81776aa66b2cd501450c0b42.php 第 444 行.
NOTIC: [8] Undefined index: column_id D:\wamp\apps\zhonglai\Application\Runtime\Cache\Admin\2f13cf4c81776aa66b2cd501450c0b42.php 第 441 行.
NOTIC: [8] Undefined index: depth_str D:\wamp\apps\zhonglai\Application\Runtime\Cache\Admin\2f13cf4c81776aa66b2cd501450c0b42.php 第 444 行.
NOTIC: [8] Undefined index: column_id D:\wamp\apps\zhonglai\Application\Runtime\Cache\Admin\2f13cf4c81776aa66b2cd501450c0b42.php 第 441 行.
NOTIC: [8] Undefined index: depth_str D:\wamp\apps\zhonglai\Application\Runtime\Cache\Admin\2f13cf4c81776aa66b2cd501450c0b42.php 第 444 行.
NOTIC: [8] Undefined index: column_id D:\wamp\apps\zhonglai\Application\Runtime\Cache\Admin\2f13cf4c81776aa66b2cd501450c0b42.php 第 441 行.
NOTIC: [8] Undefined index: depth_str D:\wamp\apps\zhonglai\Application\Runtime\Cache\Admin\2f13cf4c81776aa66b2cd501450c0b42.php 第 444 行.
NOTIC: [8] Undefined index: column_id D:\wamp\apps\zhonglai\Application\Runtime\Cache\Admin\2f13cf4c81776aa66b2cd501450c0b42.php 第 441 行.
NOTIC: [8] Undefined index: depth_str D:\wamp\apps\zhonglai\Application\Runtime\Cache\Admin\2f13cf4c81776aa66b2cd501450c0b42.php 第 444 行.
NOTIC: [8] Undefined index: column_id D:\wamp\apps\zhonglai\Application\Runtime\Cache\Admin\2f13cf4c81776aa66b2cd501450c0b42.php 第 441 行.
NOTIC: [8] Undefined index: depth_str D:\wamp\apps\zhonglai\Application\Runtime\Cache\Admin\2f13cf4c81776aa66b2cd501450c0b42.php 第 444 行.
NOTIC: [8] Undefined index: column_id D:\wamp\apps\zhonglai\Application\Runtime\Cache\Admin\2f13cf4c81776aa66b2cd501450c0b42.php 第 441 行.
NOTIC: [8] Undefined index: depth_str D:\wamp\apps\zhonglai\Application\Runtime\Cache\Admin\2f13cf4c81776aa66b2cd501450c0b42.php 第 444 行.
NOTIC: [8] Undefined index: column_id D:\wamp\apps\zhonglai\Application\Runtime\Cache\Admin\2f13cf4c81776aa66b2cd501450c0b42.php 第 441 行.
NOTIC: [8] Undefined index: depth_str D:\wamp\apps\zhonglai\Application\Runtime\Cache\Admin\2f13cf4c81776aa66b2cd501450c0b42.php 第 444 行.
NOTIC: [8] Undefined index: column_id D:\wamp\apps\zhonglai\Application\Runtime\Cache\Admin\2f13cf4c81776aa66b2cd501450c0b42.php 第 441 行.
NOTIC: [8] Undefined index: depth_str D:\wamp\apps\zhonglai\Application\Runtime\Cache\Admin\2f13cf4c81776aa66b2cd501450c0b42.php 第 444 行.
NOTIC: [8] Undefined index: column_id D:\wamp\apps\zhonglai\Application\Runtime\Cache\Admin\2f13cf4c81776aa66b2cd501450c0b42.php 第 441 行.
NOTIC: [8] Undefined index: depth_str D:\wamp\apps\zhonglai\Application\Runtime\Cache\Admin\2f13cf4c81776aa66b2cd501450c0b42.php 第 444 行.
NOTIC: [8] Undefined index: column_id D:\wamp\apps\zhonglai\Application\Runtime\Cache\Admin\2f13cf4c81776aa66b2cd501450c0b42.php 第 441 行.
NOTIC: [8] Undefined index: depth_str D:\wamp\apps\zhonglai\Application\Runtime\Cache\Admin\2f13cf4c81776aa66b2cd501450c0b42.php 第 444 行.
INFO: Run Behavior\ParseTemplateBehavior [ RunTime:0.292017s ]
INFO: [ view_parse ] --END-- [ RunTime:0.292017s ]
INFO: [ view_filter ] --START--
INFO: Run Behavior\WriteHtmlCacheBehavior [ RunTime:0.003000s ]
INFO: [ view_filter ] --END-- [ RunTime:0.003000s ]
INFO: [ app_end ] --START--
INFO: Run Behavior\ShowPageTraceBehavior [ RunTime:0.002000s ]
INFO: [ app_end ] --END-- [ RunTime:0.003000s ]

[ 2018-06-18T11:32:47+08:00 ] 127.0.0.1 /Admin/Slide/form/type/edit/id/2.html
INFO: [ app_init ] --START--
INFO: Run Behavior\BuildLiteBehavior [ RunTime:0.000000s ]
INFO: [ app_init ] --END-- [ RunTime:0.001000s ]
INFO: [ app_begin ] --START--
INFO: Run Behavior\ReadHtmlCacheBehavior [ RunTime:0.001000s ]
INFO: [ app_begin ] --END-- [ RunTime:0.003000s ]
SQL: SHOW COLUMNS FROM `think_column` [ RunTime:0.0050s ]
SQL: SELECT * FROM `think_column`  [ RunTime:0.0010s ]
SQL: SHOW COLUMNS FROM `think_slide` [ RunTime:0.0040s ]
SQL: SELECT * FROM `think_slide` WHERE ( id=2 ) LIMIT 1   [ RunTime:0.0010s ]
INFO: [ view_parse ] --START--
INFO: [ template_filter ] --START--
INFO: Run Behavior\ContentReplaceBehavior [ RunTime:0.000000s ]
INFO: [ template_filter ] --END-- [ RunTime:0.001000s ]
NOTIC: [8] Undefined index: column_id D:\wamp\apps\zhonglai\Application\Runtime\Cache\Admin\9cff14707f6ce3cdaf0f4353c5e820b8.php 第 449 行.
NOTIC: [8] Undefined index: depth_str D:\wamp\apps\zhonglai\Application\Runtime\Cache\Admin\9cff14707f6ce3cdaf0f4353c5e820b8.php 第 452 行.
NOTIC: [8] Undefined index: column_id D:\wamp\apps\zhonglai\Application\Runtime\Cache\Admin\9cff14707f6ce3cdaf0f4353c5e820b8.php 第 449 行.
NOTIC: [8] Undefined index: depth_str D:\wamp\apps\zhonglai\Application\Runtime\Cache\Admin\9cff14707f6ce3cdaf0f4353c5e820b8.php 第 452 行.
NOTIC: [8] Undefined index: column_id D:\wamp\apps\zhonglai\Application\Runtime\Cache\Admin\9cff14707f6ce3cdaf0f4353c5e820b8.php 第 449 行.
NOTIC: [8] Undefined index: depth_str D:\wamp\apps\zhonglai\Application\Runtime\Cache\Admin\9cff14707f6ce3cdaf0f4353c5e820b8.php 第 452 行.
NOTIC: [8] Undefined index: column_id D:\wamp\apps\zhonglai\Application\Runtime\Cache\Admin\9cff14707f6ce3cdaf0f4353c5e820b8.php 第 449 行.
NOTIC: [8] Undefined index: depth_str D:\wamp\apps\zhonglai\Application\Runtime\Cache\Admin\9cff14707f6ce3cdaf0f4353c5e820b8.php 第 452 行.
NOTIC: [8] Undefined index: column_id D:\wamp\apps\zhonglai\Application\Runtime\Cache\Admin\9cff14707f6ce3cdaf0f4353c5e820b8.php 第 449 行.
NOTIC: [8] Undefined index: depth_str D:\wamp\apps\zhonglai\Application\Runtime\Cache\Admin\9cff14707f6ce3cdaf0f4353c5e820b8.php 第 452 行.
NOTIC: [8] Undefined index: column_id D:\wamp\apps\zhonglai\Application\Runtime\Cache\Admin\9cff14707f6ce3cdaf0f4353c5e820b8.php 第 449 行.
NOTIC: [8] Undefined index: depth_str D:\wamp\apps\zhonglai\Application\Runtime\Cache\Admin\9cff14707f6ce3cdaf0f4353c5e820b8.php 第 452 行.
NOTIC: [8] Undefined index: column_id D:\wamp\apps\zhonglai\Application\Runtime\Cache\Admin\9cff14707f6ce3cdaf0f4353c5e820b8.php 第 449 行.
NOTIC: [8] Undefined index: depth_str D:\wamp\apps\zhonglai\Application\Runtime\Cache\Admin\9cff14707f6ce3cdaf0f4353c5e820b8.php 第 452 行.
NOTIC: [8] Undefined index: column_id D:\wamp\apps\zhonglai\Application\Runtime\Cache\Admin\9cff14707f6ce3cdaf0f4353c5e820b8.php 第 449 行.
NOTIC: [8] Undefined index: depth_str D:\wamp\apps\zhonglai\Application\Runtime\Cache\Admin\9cff14707f6ce3cdaf0f4353c5e820b8.php 第 452 行.
NOTIC: [8] Undefined index: column_id D:\wamp\apps\zhonglai\Application\Runtime\Cache\Admin\9cff14707f6ce3cdaf0f4353c5e820b8.php 第 449 行.
NOTIC: [8] Undefined index: depth_str D:\wamp\apps\zhonglai\Application\Runtime\Cache\Admin\9cff14707f6ce3cdaf0f4353c5e820b8.php 第 452 行.
NOTIC: [8] Undefined index: column_id D:\wamp\apps\zhonglai\Application\Runtime\Cache\Admin\9cff14707f6ce3cdaf0f4353c5e820b8.php 第 449 行.
NOTIC: [8] Undefined index: depth_str D:\wamp\apps\zhonglai\Application\Runtime\Cache\Admin\9cff14707f6ce3cdaf0f4353c5e820b8.php 第 452 行.
NOTIC: [8] Undefined index: column_id D:\wamp\apps\zhonglai\Application\Runtime\Cache\Admin\9cff14707f6ce3cdaf0f4353c5e820b8.php 第 449 行.
NOTIC: [8] Undefined index: depth_str D:\wamp\apps\zhonglai\Application\Runtime\Cache\Admin\9cff14707f6ce3cdaf0f4353c5e820b8.php 第 452 行.
NOTIC: [8] Undefined index: column_id D:\wamp\apps\zhonglai\Application\Runtime\Cache\Admin\9cff14707f6ce3cdaf0f4353c5e820b8.php 第 449 行.
NOTIC: [8] Undefined index: depth_str D:\wamp\apps\zhonglai\Application\Runtime\Cache\Admin\9cff14707f6ce3cdaf0f4353c5e820b8.php 第 452 行.
NOTIC: [8] Undefined index: column_id D:\wamp\apps\zhonglai\Application\Runtime\Cache\Admin\9cff14707f6ce3cdaf0f4353c5e820b8.php 第 449 行.
NOTIC: [8] Undefined index: depth_str D:\wamp\apps\zhonglai\Application\Runtime\Cache\Admin\9cff14707f6ce3cdaf0f4353c5e820b8.php 第 452 行.
NOTIC: [8] Undefined index: column_id D:\wamp\apps\zhonglai\Application\Runtime\Cache\Admin\9cff14707f6ce3cdaf0f4353c5e820b8.php 第 449 行.
NOTIC: [8] Undefined index: depth_str D:\wamp\apps\zhonglai\Application\Runtime\Cache\Admin\9cff14707f6ce3cdaf0f4353c5e820b8.php 第 452 行.
NOTIC: [8] Undefined index: column_id D:\wamp\apps\zhonglai\Application\Runtime\Cache\Admin\9cff14707f6ce3cdaf0f4353c5e820b8.php 第 449 行.
NOTIC: [8] Undefined index: depth_str D:\wamp\apps\zhonglai\Application\Runtime\Cache\Admin\9cff14707f6ce3cdaf0f4353c5e820b8.php 第 452 行.
NOTIC: [8] Undefined index: column_id D:\wamp\apps\zhonglai\Application\Runtime\Cache\Admin\9cff14707f6ce3cdaf0f4353c5e820b8.php 第 449 行.
NOTIC: [8] Undefined index: depth_str D:\wamp\apps\zhonglai\Application\Runtime\Cache\Admin\9cff14707f6ce3cdaf0f4353c5e820b8.php 第 452 行.
NOTIC: [8] Undefined index: column_id D:\wamp\apps\zhonglai\Application\Runtime\Cache\Admin\9cff14707f6ce3cdaf0f4353c5e820b8.php 第 449 行.
NOTIC: [8] Undefined index: depth_str D:\wamp\apps\zhonglai\Application\Runtime\Cache\Admin\9cff14707f6ce3cdaf0f4353c5e820b8.php 第 452 行.
NOTIC: [8] Undefined index: column_id D:\wamp\apps\zhonglai\Application\Runtime\Cache\Admin\9cff14707f6ce3cdaf0f4353c5e820b8.php 第 449 行.
NOTIC: [8] Undefined index: depth_str D:\wamp\apps\zhonglai\Application\Runtime\Cache\Admin\9cff14707f6ce3cdaf0f4353c5e820b8.php 第 452 行.
INFO: Run Behavior\ParseTemplateBehavior [ RunTime:0.140008s ]
INFO: [ view_parse ] --END-- [ RunTime:0.141008s ]
INFO: [ view_filter ] --START--
INFO: Run Behavior\WriteHtmlCacheBehavior [ RunTime:0.003000s ]
INFO: [ view_filter ] --END-- [ RunTime:0.003000s ]
INFO: [ app_end ] --START--
INFO: Run Behavior\ShowPageTraceBehavior [ RunTime:0.008001s ]
INFO: [ app_end ] --END-- [ RunTime:0.008001s ]

[ 2018-06-18T11:32:55+08:00 ] 127.0.0.1 /Admin/Slide/post/type/edit.html
INFO: [ app_init ] --START--
INFO: Run Behavior\BuildLiteBehavior [ RunTime:0.000000s ]
INFO: [ app_init ] --END-- [ RunTime:0.001000s ]
INFO: [ app_begin ] --START--
INFO: Run Behavior\ReadHtmlCacheBehavior [ RunTime:0.002000s ]
INFO: [ app_begin ] --END-- [ RunTime:0.002000s ]
SQL: SHOW COLUMNS FROM `think_column` [ RunTime:0.0060s ]
SQL: SELECT * FROM `think_column`  [ RunTime:0.0010s ]
SQL: SHOW COLUMNS FROM `think_slide` [ RunTime:0.0040s ]
NOTIC: [2] call_user_func() expects parameter 1 to be a valid callback, no array or string given D:\wamp\apps\zhonglai\ThinkPHP\Library\Think\Upload.class.php 第 170 行.
SQL: SELECT `pic` FROM `think_slide` WHERE ( id=2 ) LIMIT 1   [ RunTime:0.0010s ]
NOTIC: [2] unlink(./Uploads/2017-05-18/591d9c095eab3.jpg): No such file or directory D:\wamp\apps\zhonglai\Application\Admin\Controller\SlideController.class.php 第 69 行.
SQL: UPDATE `think_slide` SET `title`='幻灯2',`url`='',`pic`='2018-06-18/5b2727e72bf13.jpg' WHERE `id` = 2 [ RunTime:0.0070s ]
INFO: [ view_parse ] --START--
INFO: [ template_filter ] --START--
INFO: Run Behavior\ContentReplaceBehavior [ RunTime:0.000000s ]
INFO: [ template_filter ] --END-- [ RunTime:0.000000s ]
INFO: Run Behavior\ParseTemplateBehavior [ RunTime:0.021001s ]
INFO: [ view_parse ] --END-- [ RunTime:0.022002s ]
INFO: [ view_filter ] --START--
INFO: Run Behavior\WriteHtmlCacheBehavior [ RunTime:0.002000s ]
INFO: [ view_filter ] --END-- [ RunTime:0.003000s ]
INFO: [ app_end ] --START--
INFO: Run Behavior\ShowPageTraceBehavior [ RunTime:0.002000s ]
INFO: [ app_end ] --END-- [ RunTime:0.003000s ]

[ 2018-06-18T11:32:56+08:00 ] 127.0.0.1 /Admin/Slide/form/type/edit/id/2.html
INFO: [ app_init ] --START--
INFO: Run Behavior\BuildLiteBehavior [ RunTime:0.000000s ]
INFO: [ app_init ] --END-- [ RunTime:0.003000s ]
INFO: [ app_begin ] --START--
INFO: Run Behavior\ReadHtmlCacheBehavior [ RunTime:0.004000s ]
INFO: [ app_begin ] --END-- [ RunTime:0.004000s ]
SQL: SHOW COLUMNS FROM `think_column` [ RunTime:0.1890s ]
SQL: SELECT * FROM `think_column`  [ RunTime:0.0020s ]
SQL: SHOW COLUMNS FROM `think_slide` [ RunTime:0.0010s ]
SQL: SELECT * FROM `think_slide` WHERE ( id=2 ) LIMIT 1   [ RunTime:0.0010s ]
INFO: [ view_parse ] --START--
INFO: [ template_filter ] --START--
INFO: Run Behavior\ContentReplaceBehavior [ RunTime:0.000000s ]
INFO: [ template_filter ] --END-- [ RunTime:0.001000s ]
NOTIC: [8] Undefined index: column_id D:\wamp\apps\zhonglai\Application\Runtime\Cache\Admin\9cff14707f6ce3cdaf0f4353c5e820b8.php 第 449 行.
NOTIC: [8] Undefined index: depth_str D:\wamp\apps\zhonglai\Application\Runtime\Cache\Admin\9cff14707f6ce3cdaf0f4353c5e820b8.php 第 452 行.
NOTIC: [8] Undefined index: column_id D:\wamp\apps\zhonglai\Application\Runtime\Cache\Admin\9cff14707f6ce3cdaf0f4353c5e820b8.php 第 449 行.
NOTIC: [8] Undefined index: depth_str D:\wamp\apps\zhonglai\Application\Runtime\Cache\Admin\9cff14707f6ce3cdaf0f4353c5e820b8.php 第 452 行.
NOTIC: [8] Undefined index: column_id D:\wamp\apps\zhonglai\Application\Runtime\Cache\Admin\9cff14707f6ce3cdaf0f4353c5e820b8.php 第 449 行.
NOTIC: [8] Undefined index: depth_str D:\wamp\apps\zhonglai\Application\Runtime\Cache\Admin\9cff14707f6ce3cdaf0f4353c5e820b8.php 第 452 行.
NOTIC: [8] Undefined index: column_id D:\wamp\apps\zhonglai\Application\Runtime\Cache\Admin\9cff14707f6ce3cdaf0f4353c5e820b8.php 第 449 行.
NOTIC: [8] Undefined index: depth_str D:\wamp\apps\zhonglai\Application\Runtime\Cache\Admin\9cff14707f6ce3cdaf0f4353c5e820b8.php 第 452 行.
NOTIC: [8] Undefined index: column_id D:\wamp\apps\zhonglai\Application\Runtime\Cache\Admin\9cff14707f6ce3cdaf0f4353c5e820b8.php 第 449 行.
NOTIC: [8] Undefined index: depth_str D:\wamp\apps\zhonglai\Application\Runtime\Cache\Admin\9cff14707f6ce3cdaf0f4353c5e820b8.php 第 452 行.
NOTIC: [8] Undefined index: column_id D:\wamp\apps\zhonglai\Application\Runtime\Cache\Admin\9cff14707f6ce3cdaf0f4353c5e820b8.php 第 449 行.
NOTIC: [8] Undefined index: depth_str D:\wamp\apps\zhonglai\Application\Runtime\Cache\Admin\9cff14707f6ce3cdaf0f4353c5e820b8.php 第 452 行.
NOTIC: [8] Undefined index: column_id D:\wamp\apps\zhonglai\Application\Runtime\Cache\Admin\9cff14707f6ce3cdaf0f4353c5e820b8.php 第 449 行.
NOTIC: [8] Undefined index: depth_str D:\wamp\apps\zhonglai\Application\Runtime\Cache\Admin\9cff14707f6ce3cdaf0f4353c5e820b8.php 第 452 行.
NOTIC: [8] Undefined index: column_id D:\wamp\apps\zhonglai\Application\Runtime\Cache\Admin\9cff14707f6ce3cdaf0f4353c5e820b8.php 第 449 行.
NOTIC: [8] Undefined index: depth_str D:\wamp\apps\zhonglai\Application\Runtime\Cache\Admin\9cff14707f6ce3cdaf0f4353c5e820b8.php 第 452 行.
NOTIC: [8] Undefined index: column_id D:\wamp\apps\zhonglai\Application\Runtime\Cache\Admin\9cff14707f6ce3cdaf0f4353c5e820b8.php 第 449 行.
NOTIC: [8] Undefined index: depth_str D:\wamp\apps\zhonglai\Application\Runtime\Cache\Admin\9cff14707f6ce3cdaf0f4353c5e820b8.php 第 452 行.
NOTIC: [8] Undefined index: column_id D:\wamp\apps\zhonglai\Application\Runtime\Cache\Admin\9cff14707f6ce3cdaf0f4353c5e820b8.php 第 449 行.
NOTIC: [8] Undefined index: depth_str D:\wamp\apps\zhonglai\Application\Runtime\Cache\Admin\9cff14707f6ce3cdaf0f4353c5e820b8.php 第 452 行.
NOTIC: [8] Undefined index: column_id D:\wamp\apps\zhonglai\Application\Runtime\Cache\Admin\9cff14707f6ce3cdaf0f4353c5e820b8.php 第 449 行.
NOTIC: [8] Undefined index: depth_str D:\wamp\apps\zhonglai\Application\Runtime\Cache\Admin\9cff14707f6ce3cdaf0f4353c5e820b8.php 第 452 行.
NOTIC: [8] Undefined index: column_id D:\wamp\apps\zhonglai\Application\Runtime\Cache\Admin\9cff14707f6ce3cdaf0f4353c5e820b8.php 第 449 行.
NOTIC: [8] Undefined index: depth_str D:\wamp\apps\zhonglai\Application\Runtime\Cache\Admin\9cff14707f6ce3cdaf0f4353c5e820b8.php 第 452 行.
NOTIC: [8] Undefined index: column_id D:\wamp\apps\zhonglai\Application\Runtime\Cache\Admin\9cff14707f6ce3cdaf0f4353c5e820b8.php 第 449 行.
NOTIC: [8] Undefined index: depth_str D:\wamp\apps\zhonglai\Application\Runtime\Cache\Admin\9cff14707f6ce3cdaf0f4353c5e820b8.php 第 452 行.
NOTIC: [8] Undefined index: column_id D:\wamp\apps\zhonglai\Application\Runtime\Cache\Admin\9cff14707f6ce3cdaf0f4353c5e820b8.php 第 449 行.
NOTIC: [8] Undefined index: depth_str D:\wamp\apps\zhonglai\Application\Runtime\Cache\Admin\9cff14707f6ce3cdaf0f4353c5e820b8.php 第 452 行.
NOTIC: [8] Undefined index: column_id D:\wamp\apps\zhonglai\Application\Runtime\Cache\Admin\9cff14707f6ce3cdaf0f4353c5e820b8.php 第 449 行.
NOTIC: [8] Undefined index: depth_str D:\wamp\apps\zhonglai\Application\Runtime\Cache\Admin\9cff14707f6ce3cdaf0f4353c5e820b8.php 第 452 行.
NOTIC: [8] Undefined index: column_id D:\wamp\apps\zhonglai\Application\Runtime\Cache\Admin\9cff14707f6ce3cdaf0f4353c5e820b8.php 第 449 行.
NOTIC: [8] Undefined index: depth_str D:\wamp\apps\zhonglai\Application\Runtime\Cache\Admin\9cff14707f6ce3cdaf0f4353c5e820b8.php 第 452 行.
NOTIC: [8] Undefined index: column_id D:\wamp\apps\zhonglai\Application\Runtime\Cache\Admin\9cff14707f6ce3cdaf0f4353c5e820b8.php 第 449 行.
NOTIC: [8] Undefined index: depth_str D:\wamp\apps\zhonglai\Application\Runtime\Cache\Admin\9cff14707f6ce3cdaf0f4353c5e820b8.php 第 452 行.
NOTIC: [8] Undefined index: column_id D:\wamp\apps\zhonglai\Application\Runtime\Cache\Admin\9cff14707f6ce3cdaf0f4353c5e820b8.php 第 449 行.
NOTIC: [8] Undefined index: depth_str D:\wamp\apps\zhonglai\Application\Runtime\Cache\Admin\9cff14707f6ce3cdaf0f4353c5e820b8.php 第 452 行.
INFO: Run Behavior\ParseTemplateBehavior [ RunTime:0.113006s ]
INFO: [ view_parse ] --END-- [ RunTime:0.113006s ]
INFO: [ view_filter ] --START--
INFO: Run Behavior\WriteHtmlCacheBehavior [ RunTime:0.002000s ]
INFO: [ view_filter ] --END-- [ RunTime:0.003000s ]
INFO: [ app_end ] --START--
INFO: Run Behavior\ShowPageTraceBehavior [ RunTime:0.003001s ]
INFO: [ app_end ] --END-- [ RunTime:0.003001s ]

[ 2018-06-18T11:33:01+08:00 ] 127.0.0.1 /Admin/Slide/index.html
INFO: [ app_init ] --START--
INFO: Run Behavior\BuildLiteBehavior [ RunTime:0.000000s ]
INFO: [ app_init ] --END-- [ RunTime:0.002000s ]
INFO: [ app_begin ] --START--
INFO: Run Behavior\ReadHtmlCacheBehavior [ RunTime:0.002000s ]
INFO: [ app_begin ] --END-- [ RunTime:0.003000s ]
SQL: SHOW COLUMNS FROM `think_column` [ RunTime:0.0020s ]
SQL: SELECT * FROM `think_column`  [ RunTime:0.0010s ]

[ 2018-06-18T11:33:01+08:00 ] 127.0.0.1 /Admin/Slide/lists.html
INFO: [ app_init ] --START--
INFO: Run Behavior\BuildLiteBehavior [ RunTime:0.000000s ]
INFO: [ app_init ] --END-- [ RunTime:0.001000s ]
INFO: [ app_begin ] --START--
INFO: Run Behavior\ReadHtmlCacheBehavior [ RunTime:0.003001s ]
INFO: [ app_begin ] --END-- [ RunTime:0.003001s ]
SQL: SHOW COLUMNS FROM `think_column` [ RunTime:0.0020s ]
SQL: SELECT * FROM `think_column`  [ RunTime:0.0010s ]
SQL: SHOW COLUMNS FROM `think_slide` [ RunTime:0.0020s ]
SQL: SELECT COUNT(*) AS tp_count FROM `think_slide` LIMIT 1   [ RunTime:0.0010s ]
SQL: SELECT * FROM `think_slide` ORDER BY id DESC LIMIT 0,25   [ RunTime:0.0010s ]
INFO: [ view_parse ] --START--
INFO: [ template_filter ] --START--
INFO: Run Behavior\ContentReplaceBehavior [ RunTime:0.000000s ]
INFO: [ template_filter ] --END-- [ RunTime:0.001000s ]
NOTIC: [8] Undefined index: column_id D:\wamp\apps\zhonglai\Application\Runtime\Cache\Admin\2f13cf4c81776aa66b2cd501450c0b42.php 第 441 行.
NOTIC: [8] Undefined index: depth_str D:\wamp\apps\zhonglai\Application\Runtime\Cache\Admin\2f13cf4c81776aa66b2cd501450c0b42.php 第 444 行.
NOTIC: [8] Undefined index: column_id D:\wamp\apps\zhonglai\Application\Runtime\Cache\Admin\2f13cf4c81776aa66b2cd501450c0b42.php 第 441 行.
NOTIC: [8] Undefined index: depth_str D:\wamp\apps\zhonglai\Application\Runtime\Cache\Admin\2f13cf4c81776aa66b2cd501450c0b42.php 第 444 行.
NOTIC: [8] Undefined index: column_id D:\wamp\apps\zhonglai\Application\Runtime\Cache\Admin\2f13cf4c81776aa66b2cd501450c0b42.php 第 441 行.
NOTIC: [8] Undefined index: depth_str D:\wamp\apps\zhonglai\Application\Runtime\Cache\Admin\2f13cf4c81776aa66b2cd501450c0b42.php 第 444 行.
NOTIC: [8] Undefined index: column_id D:\wamp\apps\zhonglai\Application\Runtime\Cache\Admin\2f13cf4c81776aa66b2cd501450c0b42.php 第 441 行.
NOTIC: [8] Undefined index: depth_str D:\wamp\apps\zhonglai\Application\Runtime\Cache\Admin\2f13cf4c81776aa66b2cd501450c0b42.php 第 444 行.
NOTIC: [8] Undefined index: column_id D:\wamp\apps\zhonglai\Application\Runtime\Cache\Admin\2f13cf4c81776aa66b2cd501450c0b42.php 第 441 行.
NOTIC: [8] Undefined index: depth_str D:\wamp\apps\zhonglai\Application\Runtime\Cache\Admin\2f13cf4c81776aa66b2cd501450c0b42.php 第 444 行.
NOTIC: [8] Undefined index: column_id D:\wamp\apps\zhonglai\Application\Runtime\Cache\Admin\2f13cf4c81776aa66b2cd501450c0b42.php 第 441 行.
NOTIC: [8] Undefined index: depth_str D:\wamp\apps\zhonglai\Application\Runtime\Cache\Admin\2f13cf4c81776aa66b2cd501450c0b42.php 第 444 行.
NOTIC: [8] Undefined index: column_id D:\wamp\apps\zhonglai\Application\Runtime\Cache\Admin\2f13cf4c81776aa66b2cd501450c0b42.php 第 441 行.
NOTIC: [8] Undefined index: depth_str D:\wamp\apps\zhonglai\Application\Runtime\Cache\Admin\2f13cf4c81776aa66b2cd501450c0b42.php 第 444 行.
NOTIC: [8] Undefined index: column_id D:\wamp\apps\zhonglai\Application\Runtime\Cache\Admin\2f13cf4c81776aa66b2cd501450c0b42.php 第 441 行.
NOTIC: [8] Undefined index: depth_str D:\wamp\apps\zhonglai\Application\Runtime\Cache\Admin\2f13cf4c81776aa66b2cd501450c0b42.php 第 444 行.
NOTIC: [8] Undefined index: column_id D:\wamp\apps\zhonglai\Application\Runtime\Cache\Admin\2f13cf4c81776aa66b2cd501450c0b42.php 第 441 行.
NOTIC: [8] Undefined index: depth_str D:\wamp\apps\zhonglai\Application\Runtime\Cache\Admin\2f13cf4c81776aa66b2cd501450c0b42.php 第 444 行.
NOTIC: [8] Undefined index: column_id D:\wamp\apps\zhonglai\Application\Runtime\Cache\Admin\2f13cf4c81776aa66b2cd501450c0b42.php 第 441 行.
NOTIC: [8] Undefined index: depth_str D:\wamp\apps\zhonglai\Application\Runtime\Cache\Admin\2f13cf4c81776aa66b2cd501450c0b42.php 第 444 行.
NOTIC: [8] Undefined index: column_id D:\wamp\apps\zhonglai\Application\Runtime\Cache\Admin\2f13cf4c81776aa66b2cd501450c0b42.php 第 441 行.
NOTIC: [8] Undefined index: depth_str D:\wamp\apps\zhonglai\Application\Runtime\Cache\Admin\2f13cf4c81776aa66b2cd501450c0b42.php 第 444 行.
NOTIC: [8] Undefined index: column_id D:\wamp\apps\zhonglai\Application\Runtime\Cache\Admin\2f13cf4c81776aa66b2cd501450c0b42.php 第 441 行.
NOTIC: [8] Undefined index: depth_str D:\wamp\apps\zhonglai\Application\Runtime\Cache\Admin\2f13cf4c81776aa66b2cd501450c0b42.php 第 444 行.
NOTIC: [8] Undefined index: column_id D:\wamp\apps\zhonglai\Application\Runtime\Cache\Admin\2f13cf4c81776aa66b2cd501450c0b42.php 第 441 行.
NOTIC: [8] Undefined index: depth_str D:\wamp\apps\zhonglai\Application\Runtime\Cache\Admin\2f13cf4c81776aa66b2cd501450c0b42.php 第 444 行.
NOTIC: [8] Undefined index: column_id D:\wamp\apps\zhonglai\Application\Runtime\Cache\Admin\2f13cf4c81776aa66b2cd501450c0b42.php 第 441 行.
NOTIC: [8] Undefined index: depth_str D:\wamp\apps\zhonglai\Application\Runtime\Cache\Admin\2f13cf4c81776aa66b2cd501450c0b42.php 第 444 行.
NOTIC: [8] Undefined index: column_id D:\wamp\apps\zhonglai\Application\Runtime\Cache\Admin\2f13cf4c81776aa66b2cd501450c0b42.php 第 441 行.
NOTIC: [8] Undefined index: depth_str D:\wamp\apps\zhonglai\Application\Runtime\Cache\Admin\2f13cf4c81776aa66b2cd501450c0b42.php 第 444 行.
NOTIC: [8] Undefined index: column_id D:\wamp\apps\zhonglai\Application\Runtime\Cache\Admin\2f13cf4c81776aa66b2cd501450c0b42.php 第 441 行.
NOTIC: [8] Undefined index: depth_str D:\wamp\apps\zhonglai\Application\Runtime\Cache\Admin\2f13cf4c81776aa66b2cd501450c0b42.php 第 444 行.
NOTIC: [8] Undefined index: column_id D:\wamp\apps\zhonglai\Application\Runtime\Cache\Admin\2f13cf4c81776aa66b2cd501450c0b42.php 第 441 行.
NOTIC: [8] Undefined index: depth_str D:\wamp\apps\zhonglai\Application\Runtime\Cache\Admin\2f13cf4c81776aa66b2cd501450c0b42.php 第 444 行.
NOTIC: [8] Undefined index: column_id D:\wamp\apps\zhonglai\Application\Runtime\Cache\Admin\2f13cf4c81776aa66b2cd501450c0b42.php 第 441 行.
NOTIC: [8] Undefined index: depth_str D:\wamp\apps\zhonglai\Application\Runtime\Cache\Admin\2f13cf4c81776aa66b2cd501450c0b42.php 第 444 行.
INFO: Run Behavior\ParseTemplateBehavior [ RunTime:0.169010s ]
INFO: [ view_parse ] --END-- [ RunTime:0.170010s ]
INFO: [ view_filter ] --START--
INFO: Run Behavior\WriteHtmlCacheBehavior [ RunTime:0.005000s ]
INFO: [ view_filter ] --END-- [ RunTime:0.005000s ]
INFO: [ app_end ] --START--
INFO: Run Behavior\ShowPageTraceBehavior [ RunTime:0.013001s ]
INFO: [ app_end ] --END-- [ RunTime:0.013001s ]

[ 2018-06-18T11:33:03+08:00 ] 127.0.0.1 /Admin/Slide/form/type/edit/id/3.html
INFO: [ app_init ] --START--
INFO: Run Behavior\BuildLiteBehavior [ RunTime:0.000000s ]
INFO: [ app_init ] --END-- [ RunTime:0.002000s ]
INFO: [ app_begin ] --START--
INFO: Run Behavior\ReadHtmlCacheBehavior [ RunTime:0.003000s ]
INFO: [ app_begin ] --END-- [ RunTime:0.005000s ]
SQL: SHOW COLUMNS FROM `think_column` [ RunTime:0.0070s ]
SQL: SELECT * FROM `think_column`  [ RunTime:0.0020s ]
SQL: SHOW COLUMNS FROM `think_slide` [ RunTime:0.0040s ]
SQL: SELECT * FROM `think_slide` WHERE ( id=3 ) LIMIT 1   [ RunTime:0.0010s ]
INFO: [ view_parse ] --START--
INFO: [ template_filter ] --START--
INFO: Run Behavior\ContentReplaceBehavior [ RunTime:0.001001s ]
INFO: [ template_filter ] --END-- [ RunTime:0.001001s ]
NOTIC: [8] Undefined index: column_id D:\wamp\apps\zhonglai\Application\Runtime\Cache\Admin\9cff14707f6ce3cdaf0f4353c5e820b8.php 第 449 行.
NOTIC: [8] Undefined index: depth_str D:\wamp\apps\zhonglai\Application\Runtime\Cache\Admin\9cff14707f6ce3cdaf0f4353c5e820b8.php 第 452 行.
NOTIC: [8] Undefined index: column_id D:\wamp\apps\zhonglai\Application\Runtime\Cache\Admin\9cff14707f6ce3cdaf0f4353c5e820b8.php 第 449 行.
NOTIC: [8] Undefined index: depth_str D:\wamp\apps\zhonglai\Application\Runtime\Cache\Admin\9cff14707f6ce3cdaf0f4353c5e820b8.php 第 452 行.
NOTIC: [8] Undefined index: column_id D:\wamp\apps\zhonglai\Application\Runtime\Cache\Admin\9cff14707f6ce3cdaf0f4353c5e820b8.php 第 449 行.
NOTIC: [8] Undefined index: depth_str D:\wamp\apps\zhonglai\Application\Runtime\Cache\Admin\9cff14707f6ce3cdaf0f4353c5e820b8.php 第 452 行.
NOTIC: [8] Undefined index: column_id D:\wamp\apps\zhonglai\Application\Runtime\Cache\Admin\9cff14707f6ce3cdaf0f4353c5e820b8.php 第 449 行.
NOTIC: [8] Undefined index: depth_str D:\wamp\apps\zhonglai\Application\Runtime\Cache\Admin\9cff14707f6ce3cdaf0f4353c5e820b8.php 第 452 行.
NOTIC: [8] Undefined index: column_id D:\wamp\apps\zhonglai\Application\Runtime\Cache\Admin\9cff14707f6ce3cdaf0f4353c5e820b8.php 第 449 行.
NOTIC: [8] Undefined index: depth_str D:\wamp\apps\zhonglai\Application\Runtime\Cache\Admin\9cff14707f6ce3cdaf0f4353c5e820b8.php 第 452 行.
NOTIC: [8] Undefined index: column_id D:\wamp\apps\zhonglai\Application\Runtime\Cache\Admin\9cff14707f6ce3cdaf0f4353c5e820b8.php 第 449 行.
NOTIC: [8] Undefined index: depth_str D:\wamp\apps\zhonglai\Application\Runtime\Cache\Admin\9cff14707f6ce3cdaf0f4353c5e820b8.php 第 452 行.
NOTIC: [8] Undefined index: column_id D:\wamp\apps\zhonglai\Application\Runtime\Cache\Admin\9cff14707f6ce3cdaf0f4353c5e820b8.php 第 449 行.
NOTIC: [8] Undefined index: depth_str D:\wamp\apps\zhonglai\Application\Runtime\Cache\Admin\9cff14707f6ce3cdaf0f4353c5e820b8.php 第 452 行.
NOTIC: [8] Undefined index: column_id D:\wamp\apps\zhonglai\Application\Runtime\Cache\Admin\9cff14707f6ce3cdaf0f4353c5e820b8.php 第 449 行.
NOTIC: [8] Undefined index: depth_str D:\wamp\apps\zhonglai\Application\Runtime\Cache\Admin\9cff14707f6ce3cdaf0f4353c5e820b8.php 第 452 行.
NOTIC: [8] Undefined index: column_id D:\wamp\apps\zhonglai\Application\Runtime\Cache\Admin\9cff14707f6ce3cdaf0f4353c5e820b8.php 第 449 行.
NOTIC: [8] Undefined index: depth_str D:\wamp\apps\zhonglai\Application\Runtime\Cache\Admin\9cff14707f6ce3cdaf0f4353c5e820b8.php 第 452 行.
NOTIC: [8] Undefined index: column_id D:\wamp\apps\zhonglai\Application\Runtime\Cache\Admin\9cff14707f6ce3cdaf0f4353c5e820b8.php 第 449 行.
NOTIC: [8] Undefined index: depth_str D:\wamp\apps\zhonglai\Application\Runtime\Cache\Admin\9cff14707f6ce3cdaf0f4353c5e820b8.php 第 452 行.
NOTIC: [8] Undefined index: column_id D:\wamp\apps\zhonglai\Application\Runtime\Cache\Admin\9cff14707f6ce3cdaf0f4353c5e820b8.php 第 449 行.
NOTIC: [8] Undefined index: depth_str D:\wamp\apps\zhonglai\Application\Runtime\Cache\Admin\9cff14707f6ce3cdaf0f4353c5e820b8.php 第 452 行.
NOTIC: [8] Undefined index: column_id D:\wamp\apps\zhonglai\Application\Runtime\Cache\Admin\9cff14707f6ce3cdaf0f4353c5e820b8.php 第 449 行.
NOTIC: [8] Undefined index: depth_str D:\wamp\apps\zhonglai\Application\Runtime\Cache\Admin\9cff14707f6ce3cdaf0f4353c5e820b8.php 第 452 行.
NOTIC: [8] Undefined index: column_id D:\wamp\apps\zhonglai\Application\Runtime\Cache\Admin\9cff14707f6ce3cdaf0f4353c5e820b8.php 第 449 行.
NOTIC: [8] Undefined index: depth_str D:\wamp\apps\zhonglai\Application\Runtime\Cache\Admin\9cff14707f6ce3cdaf0f4353c5e820b8.php 第 452 行.
NOTIC: [8] Undefined index: column_id D:\wamp\apps\zhonglai\Application\Runtime\Cache\Admin\9cff14707f6ce3cdaf0f4353c5e820b8.php 第 449 行.
NOTIC: [8] Undefined index: depth_str D:\wamp\apps\zhonglai\Application\Runtime\Cache\Admin\9cff14707f6ce3cdaf0f4353c5e820b8.php 第 452 行.
NOTIC: [8] Undefined index: column_id D:\wamp\apps\zhonglai\Application\Runtime\Cache\Admin\9cff14707f6ce3cdaf0f4353c5e820b8.php 第 449 行.
NOTIC: [8] Undefined index: depth_str D:\wamp\apps\zhonglai\Application\Runtime\Cache\Admin\9cff14707f6ce3cdaf0f4353c5e820b8.php 第 452 行.
NOTIC: [8] Undefined index: column_id D:\wamp\apps\zhonglai\Application\Runtime\Cache\Admin\9cff14707f6ce3cdaf0f4353c5e820b8.php 第 449 行.
NOTIC: [8] Undefined index: depth_str D:\wamp\apps\zhonglai\Application\Runtime\Cache\Admin\9cff14707f6ce3cdaf0f4353c5e820b8.php 第 452 行.
NOTIC: [8] Undefined index: column_id D:\wamp\apps\zhonglai\Application\Runtime\Cache\Admin\9cff14707f6ce3cdaf0f4353c5e820b8.php 第 449 行.
NOTIC: [8] Undefined index: depth_str D:\wamp\apps\zhonglai\Application\Runtime\Cache\Admin\9cff14707f6ce3cdaf0f4353c5e820b8.php 第 452 行.
NOTIC: [8] Undefined index: column_id D:\wamp\apps\zhonglai\Application\Runtime\Cache\Admin\9cff14707f6ce3cdaf0f4353c5e820b8.php 第 449 行.
NOTIC: [8] Undefined index: depth_str D:\wamp\apps\zhonglai\Application\Runtime\Cache\Admin\9cff14707f6ce3cdaf0f4353c5e820b8.php 第 452 行.
INFO: Run Behavior\ParseTemplateBehavior [ RunTime:0.112007s ]
INFO: [ view_parse ] --END-- [ RunTime:0.113007s ]
INFO: [ view_filter ] --START--
INFO: Run Behavior\WriteHtmlCacheBehavior [ RunTime:0.005000s ]
INFO: [ view_filter ] --END-- [ RunTime:0.007000s ]
INFO: [ app_end ] --START--
INFO: Run Behavior\ShowPageTraceBehavior [ RunTime:0.002000s ]
INFO: [ app_end ] --END-- [ RunTime:0.007001s ]

[ 2018-06-18T11:33:10+08:00 ] 127.0.0.1 /Admin/Slide/post/type/edit.html
INFO: [ app_init ] --START--
INFO: Run Behavior\BuildLiteBehavior [ RunTime:0.000000s ]
INFO: [ app_init ] --END-- [ RunTime:0.001000s ]
INFO: [ app_begin ] --START--
INFO: Run Behavior\ReadHtmlCacheBehavior [ RunTime:0.002000s ]
INFO: [ app_begin ] --END-- [ RunTime:0.003000s ]
SQL: SHOW COLUMNS FROM `think_column` [ RunTime:0.0050s ]
SQL: SELECT * FROM `think_column`  [ RunTime:0.0010s ]
SQL: SHOW COLUMNS FROM `think_slide` [ RunTime:0.0030s ]
NOTIC: [2] call_user_func() expects parameter 1 to be a valid callback, no array or string given D:\wamp\apps\zhonglai\ThinkPHP\Library\Think\Upload.class.php 第 170 行.
SQL: SELECT `pic` FROM `think_slide` WHERE ( id=3 ) LIMIT 1   [ RunTime:0.0010s ]
NOTIC: [2] unlink(./Uploads/2017-05-18/591d9bf4d5c35.jpg): No such file or directory D:\wamp\apps\zhonglai\Application\Admin\Controller\SlideController.class.php 第 69 行.
SQL: UPDATE `think_slide` SET `title`='幻灯3',`url`='',`pic`='2018-06-18/5b2727f62aee5.jpg' WHERE `id` = 3 [ RunTime:0.0010s ]
INFO: [ view_parse ] --START--
INFO: [ template_filter ] --START--
INFO: Run Behavior\ContentReplaceBehavior [ RunTime:0.000000s ]
INFO: [ template_filter ] --END-- [ RunTime:0.001000s ]
INFO: Run Behavior\ParseTemplateBehavior [ RunTime:0.023001s ]
INFO: [ view_parse ] --END-- [ RunTime:0.023001s ]
INFO: [ view_filter ] --START--
INFO: Run Behavior\WriteHtmlCacheBehavior [ RunTime:0.002000s ]
INFO: [ view_filter ] --END-- [ RunTime:0.003000s ]
INFO: [ app_end ] --START--
INFO: Run Behavior\ShowPageTraceBehavior [ RunTime:0.002000s ]
INFO: [ app_end ] --END-- [ RunTime:0.002000s ]

[ 2018-06-18T11:33:11+08:00 ] 127.0.0.1 /Admin/Slide/form/type/edit/id/3.html
INFO: [ app_init ] --START--
INFO: Run Behavior\BuildLiteBehavior [ RunTime:0.000000s ]
INFO: [ app_init ] --END-- [ RunTime:0.002000s ]
INFO: [ app_begin ] --START--
INFO: Run Behavior\ReadHtmlCacheBehavior [ RunTime:0.003001s ]
INFO: [ app_begin ] --END-- [ RunTime:0.003001s ]
SQL: SHOW COLUMNS FROM `think_column` [ RunTime:0.0020s ]
SQL: SELECT * FROM `think_column`  [ RunTime:0.0000s ]
SQL: SHOW COLUMNS FROM `think_slide` [ RunTime:0.0030s ]
SQL: SELECT * FROM `think_slide` WHERE ( id=3 ) LIMIT 1   [ RunTime:0.0000s ]
INFO: [ view_parse ] --START--
INFO: [ template_filter ] --START--
INFO: Run Behavior\ContentReplaceBehavior [ RunTime:0.000000s ]
INFO: [ template_filter ] --END-- [ RunTime:0.000000s ]
NOTIC: [8] Undefined index: column_id D:\wamp\apps\zhonglai\Application\Runtime\Cache\Admin\9cff14707f6ce3cdaf0f4353c5e820b8.php 第 449 行.
NOTIC: [8] Undefined index: depth_str D:\wamp\apps\zhonglai\Application\Runtime\Cache\Admin\9cff14707f6ce3cdaf0f4353c5e820b8.php 第 452 行.
NOTIC: [8] Undefined index: column_id D:\wamp\apps\zhonglai\Application\Runtime\Cache\Admin\9cff14707f6ce3cdaf0f4353c5e820b8.php 第 449 行.
NOTIC: [8] Undefined index: depth_str D:\wamp\apps\zhonglai\Application\Runtime\Cache\Admin\9cff14707f6ce3cdaf0f4353c5e820b8.php 第 452 行.
NOTIC: [8] Undefined index: column_id D:\wamp\apps\zhonglai\Application\Runtime\Cache\Admin\9cff14707f6ce3cdaf0f4353c5e820b8.php 第 449 行.
NOTIC: [8] Undefined index: depth_str D:\wamp\apps\zhonglai\Application\Runtime\Cache\Admin\9cff14707f6ce3cdaf0f4353c5e820b8.php 第 452 行.
NOTIC: [8] Undefined index: column_id D:\wamp\apps\zhonglai\Application\Runtime\Cache\Admin\9cff14707f6ce3cdaf0f4353c5e820b8.php 第 449 行.
NOTIC: [8] Undefined index: depth_str D:\wamp\apps\zhonglai\Application\Runtime\Cache\Admin\9cff14707f6ce3cdaf0f4353c5e820b8.php 第 452 行.
NOTIC: [8] Undefined index: column_id D:\wamp\apps\zhonglai\Application\Runtime\Cache\Admin\9cff14707f6ce3cdaf0f4353c5e820b8.php 第 449 行.
NOTIC: [8] Undefined index: depth_str D:\wamp\apps\zhonglai\Application\Runtime\Cache\Admin\9cff14707f6ce3cdaf0f4353c5e820b8.php 第 452 行.
NOTIC: [8] Undefined index: column_id D:\wamp\apps\zhonglai\Application\Runtime\Cache\Admin\9cff14707f6ce3cdaf0f4353c5e820b8.php 第 449 行.
NOTIC: [8] Undefined index: depth_str D:\wamp\apps\zhonglai\Application\Runtime\Cache\Admin\9cff14707f6ce3cdaf0f4353c5e820b8.php 第 452 行.
NOTIC: [8] Undefined index: column_id D:\wamp\apps\zhonglai\Application\Runtime\Cache\Admin\9cff14707f6ce3cdaf0f4353c5e820b8.php 第 449 行.
NOTIC: [8] Undefined index: depth_str D:\wamp\apps\zhonglai\Application\Runtime\Cache\Admin\9cff14707f6ce3cdaf0f4353c5e820b8.php 第 452 行.
NOTIC: [8] Undefined index: column_id D:\wamp\apps\zhonglai\Application\Runtime\Cache\Admin\9cff14707f6ce3cdaf0f4353c5e820b8.php 第 449 行.
NOTIC: [8] Undefined index: depth_str D:\wamp\apps\zhonglai\Application\Runtime\Cache\Admin\9cff14707f6ce3cdaf0f4353c5e820b8.php 第 452 行.
NOTIC: [8] Undefined index: column_id D:\wamp\apps\zhonglai\Application\Runtime\Cache\Admin\9cff14707f6ce3cdaf0f4353c5e820b8.php 第 449 行.
NOTIC: [8] Undefined index: depth_str D:\wamp\apps\zhonglai\Application\Runtime\Cache\Admin\9cff14707f6ce3cdaf0f4353c5e820b8.php 第 452 行.
NOTIC: [8] Undefined index: column_id D:\wamp\apps\zhonglai\Application\Runtime\Cache\Admin\9cff14707f6ce3cdaf0f4353c5e820b8.php 第 449 行.
NOTIC: [8] Undefined index: depth_str D:\wamp\apps\zhonglai\Application\Runtime\Cache\Admin\9cff14707f6ce3cdaf0f4353c5e820b8.php 第 452 行.
NOTIC: [8] Undefined index: column_id D:\wamp\apps\zhonglai\Application\Runtime\Cache\Admin\9cff14707f6ce3cdaf0f4353c5e820b8.php 第 449 行.
NOTIC: [8] Undefined index: depth_str D:\wamp\apps\zhonglai\Application\Runtime\Cache\Admin\9cff14707f6ce3cdaf0f4353c5e820b8.php 第 452 行.
NOTIC: [8] Undefined index: column_id D:\wamp\apps\zhonglai\Application\Runtime\Cache\Admin\9cff14707f6ce3cdaf0f4353c5e820b8.php 第 449 行.
NOTIC: [8] Undefined index: depth_str D:\wamp\apps\zhonglai\Application\Runtime\Cache\Admin\9cff14707f6ce3cdaf0f4353c5e820b8.php 第 452 行.
NOTIC: [8] Undefined index: column_id D:\wamp\apps\zhonglai\Application\Runtime\Cache\Admin\9cff14707f6ce3cdaf0f4353c5e820b8.php 第 449 行.
NOTIC: [8] Undefined index: depth_str D:\wamp\apps\zhonglai\Application\Runtime\Cache\Admin\9cff14707f6ce3cdaf0f4353c5e820b8.php 第 452 行.
NOTIC: [8] Undefined index: column_id D:\wamp\apps\zhonglai\Application\Runtime\Cache\Admin\9cff14707f6ce3cdaf0f4353c5e820b8.php 第 449 行.
NOTIC: [8] Undefined index: depth_str D:\wamp\apps\zhonglai\Application\Runtime\Cache\Admin\9cff14707f6ce3cdaf0f4353c5e820b8.php 第 452 行.
NOTIC: [8] Undefined index: column_id D:\wamp\apps\zhonglai\Application\Runtime\Cache\Admin\9cff14707f6ce3cdaf0f4353c5e820b8.php 第 449 行.
NOTIC: [8] Undefined index: depth_str D:\wamp\apps\zhonglai\Application\Runtime\Cache\Admin\9cff14707f6ce3cdaf0f4353c5e820b8.php 第 452 行.
NOTIC: [8] Undefined index: column_id D:\wamp\apps\zhonglai\Application\Runtime\Cache\Admin\9cff14707f6ce3cdaf0f4353c5e820b8.php 第 449 行.
NOTIC: [8] Undefined index: depth_str D:\wamp\apps\zhonglai\Application\Runtime\Cache\Admin\9cff14707f6ce3cdaf0f4353c5e820b8.php 第 452 行.
NOTIC: [8] Undefined index: column_id D:\wamp\apps\zhonglai\Application\Runtime\Cache\Admin\9cff14707f6ce3cdaf0f4353c5e820b8.php 第 449 行.
NOTIC: [8] Undefined index: depth_str D:\wamp\apps\zhonglai\Application\Runtime\Cache\Admin\9cff14707f6ce3cdaf0f4353c5e820b8.php 第 452 行.
NOTIC: [8] Undefined index: column_id D:\wamp\apps\zhonglai\Application\Runtime\Cache\Admin\9cff14707f6ce3cdaf0f4353c5e820b8.php 第 449 行.
NOTIC: [8] Undefined index: depth_str D:\wamp\apps\zhonglai\Application\Runtime\Cache\Admin\9cff14707f6ce3cdaf0f4353c5e820b8.php 第 452 行.
INFO: Run Behavior\ParseTemplateBehavior [ RunTime:0.110006s ]
INFO: [ view_parse ] --END-- [ RunTime:0.111006s ]
INFO: [ view_filter ] --START--
INFO: Run Behavior\WriteHtmlCacheBehavior [ RunTime:0.003000s ]
INFO: [ view_filter ] --END-- [ RunTime:0.003000s ]
INFO: [ app_end ] --START--
INFO: Run Behavior\ShowPageTraceBehavior [ RunTime:0.037003s ]
INFO: [ app_end ] --END-- [ RunTime:0.037003s ]

